  1  dskc:5_15..jobacc.sav
  2  dskc:5_15..jobdag.exe
  3  dskc:5_15..mairet.exe
  4  dskc:5_15..monday.sav
  5  dskc:5_15..namn.exe
  6  dskc:5_15..osort.exe
  7  dskc:5_15..ppnacc.sav
  8  dskc:5_15..presor.exe
  9  dskc:5_15..setfct.sav
 10  dskc:5_15..tordag.exe
 11  dskc:5_15..totacc.exe
 12  dskc:5_15..tstacc.sav
 13  dskc:5_15..tstpas.sav
 14  dskc:5_15..usage.sav
 15  dskc:5_15..volacc.sav
 16  dskc:5_15..helg.bak
 17  dskc:5_15..cmpacc.exe
 18  dskc:5_15..backin.rel
 19  dskc:5_15..backin.for
 20  dskc:5_15..helg.qat
 21  dskc:5_15..helg.dat
 22  dskc:5_15..backo3.old
 23  dskc:5_15..backo2.old
 24  dskc:5_15..backo1.old
 25  dskc:5_15..backo3.txt
 26  dskc:5_15..backo2.txt
 27  dskc:5_15..backup.lll
 28  dskc:5_15..backo1.txt
 29  dskc:5_15..backup.lgg
 30  dskc:5_17..actsym.unv
 31  dskc:5_17..c.unv
 32  dskc:5_17..eqs2.unv
 33  dskc:5_17..forprm.unv
 34  dskc:5_17..glxmac.unv
 35  dskc:5_17..io.unv
 36  dskc:5_17..jobdat.unv
 37  dskc:5_17..mac80.unv
 38  dskc:5_17..mac81.unv
 39  dskc:5_17..macsim.unv
 40  dskc:5_17..macsym.unv
 41  dskc:5_17..macten.unv
 42  dskc:5_17..modunv.unv
 43  dskc:5_17..monsym.unv
 44  dskc:5_17..ornmac.unv
 45  dskc:5_17..qprm.unv
 46  dskc:5_17..scnmac.unv
 47  dskc:5_17..simmac.unv
 48  dskc:5_17..simmcr.unv
 49  dskc:5_17..simrpa.unv
 50  dskc:5_17..uuosym.unv
 51  dskc:5_17..$scndc.unv
 52  dskc:5_17..ufdprm.unv
 53  dskc:5_17..wldint.unv
 54  dskc:5_17..wldmac.unv
 55  dskc:5_17..swidef.unv
 56  dskc:5_17..swil.unv
 57  dskc:5_27..access.usr
 58  dskc:5_27..backup.ctl
 59  dskc:5_27..clock.ctl
 60  dskc:5_27..date75.ctl
 61  dskc:5_27..dirkun.ctl
 62  dskc:5_27..dskrat.ctl
 63  dskc:5_27..gripe.ctl
 64  dskc:5_27..help.ctl
 65  dskc:5_27..hlp.ctl
 66  dskc:5_27..koll.ctl
 67  dskc:5_27..ksys.ctl
 68  dskc:5_27..lines.ctl
 69  dskc:5_27..namn.ctl
 70  dskc:5_27..news.ctl
 71  dskc:5_27..recus.ctl
 72  dskc:5_27..sched.ctl
 73  dskc:5_27..schedf.ctl
 74  dskc:5_27..schtst.ctl
 75  dskc:5_27..sommar.ctl
 76  dskc:5_27..sprak.ctl
 77  dskc:5_27..stat.ctl
 78  dskc:5_27..syserr.ctl
 79  dskc:5_27..ttyoff.ctl
 80  dskc:5_27..upt.ctl
 81  dskc:5_27..vinter.ctl
 82  dskc:5_27..volchk.ctl
 83  dskc:5_27..x.ctl
 84  dskc:5_27..mail.ctl
 85  dskc:5_27..delfil.ctl
 86  dskc:5_27..gratis.ctl
 87  dskc:5_27..back1.ctl
 88  dskc:5_27..back3.ctl
 89  dskc:5_27..x.mic
 90  dskc:5_27..back2.ctl
 91  dskc:5_27..next.ctl
 92  dskc:5_27..ppnlst.ctl
 93  dskc:5_27..priv.txt
 94  dskc:5_27..cormax.bak
 95  dskc:5_27..cormax.ctl
 96  dskc:5_27..sommar.log
 97  dskc:5_27..backtx.ctl
 98  dskc:5_27..dsklst.ctl
 99  dskc:5_27..dsklst.log
100  dskc:5_27..vinter.log
101  dskc:5_27..natt.bak
102  dskc:5_27..backt1.ctl
103  dskc:5_27..backt2.ctl
104  dskc:5_27..backx.qtl
105  dskc:5_27..backx.ctl
106  dskc:5_27..sune.pas
107  dskc:5_27..dayacc.log
108  dskc:5_27..acctkl.ctl
109  dskc:5_27..backt3.bak
110  dskc:5_27..backt3.ctl
111  dskc:5_27..natt.ctl
112  dskc:5_27..decnet.ctl
113  dskc:5_27..decnet.log
114  dskc:5_27..dayacc.ctl
115  dskc:5_34..lpt.ato
116  dskc:5_34..opr.old
117  dskc:5_34..scdset.out
118  dskc:5_34..sysjob.org
119  dskc:5_34..scdset.inp
120  dskc:5_34..trmspl.ini
121  dskc:5_34..opr.org
122  dskc:5_34..fal.old
123  dskc:5_34..red.cmd
124  dskc:5_34..stdopr.ato
125  dskc:5_34..decfal.ato
126  dskc:5_34..afal.ato
127  dskc:5_34..dfal.ato
128  dskc:5_34..nodnam.ini
129  dskc:5_34..nodnam.nin
130  dskc:5_34..opr.ato
131  dskc:6_6..switch.ini
132  dskc:6_6..dpy.exe
133  dskc:6_6..decinf.txt
134  dskc:6_6..config.txt
135  dskc:6_6..sysdpy.log
136  dskc:6_6..animal.dat
137  dskc:6_6..filter.txt
138  dskc:6_6..nelly.txt
139  dskc:6_6..peter.xxx
140  dskc:6_6..a0504.rpt
141  dskc:6_6..a0504.pak
142  dskc:6_6..retrie.rpt
143  dskc:10_2..conipi.ddt
144  dskc:10_2..cpu.exe
145  dskc:10_2..cpu.hlp
146  dskc:10_2..cpu414.exe
147  dskc:10_2..ddtdir.ddt
148  dskc:10_2..ddtmap.ddt
149  dskc:10_2..debugf.ddt
150  dskc:10_2..ept.ddt
151  dskc:10_2..fetime.exe
152  dskc:10_2..filddt.mic
153  dskc:10_2..fndfil.exe
154  dskc:10_2..help.ddt
155  dskc:10_2..intid.exe
156  dskc:10_2..klbpa.exe
157  dskc:10_2..klbpa.hlp
158  dskc:10_2..lnm.exe
159  dskc:10_2..mondm4.exe
160  dskc:10_2..nik.exe
161  dskc:10_2..noperf.exe
162  dskc:10_2..perf.exe
163  dskc:10_2..read.me
164  dskc:10_2..ribfnd.exe
165  dskc:10_2..ribfnd.hlp
166  dskc:10_2..sdlinf.exe
167  dskc:10_2..sfduse.exe
168  dskc:10_2..snup.mac
169  dskc:10_2..snup.rel
170  dskc:10_2..snup.unv
171  dskc:10_2..spl.exe
172  dskc:10_2..swe3.exe
173  dskc:10_2..swpmod.exe
174  dskc:10_2..ttyspy.exe
175  dskc:10_2..ttyspy.hlp
176  dskc:10_2..type.exe
177  dskc:10_2..udb.ddt
178  dskc:10_2..udb.mic
179  dskc:10_2..usage.exe
180  dskc:10_2..vtxx.exe
181  dskc:10_2..whoqz.exe
182  dskc:10_2..whycrs.exe
183  dskc:10_2..whycrs.hlp
184  dskc:10_2..whycrs.mac
185  dskc:10_2..whycrs.mic
186  dskc:10_2..dbusy.exe
187  dskc:10_2..dbusy.hlp
188  dskc:10_2..crash.ddt
189  dskc:10_2..watch.exe
190  dskc:10_2..syslst.mic
191  dskc:10_2..monitr.exe
192  dskc:10_2..monitr.hlp
193  dskc:10_2..bit.exe
194  dskc:10_2..bit.hlp
195  dskc:10_2..priv.exe
196  dskc:10_2..pivot.exe
197  dskc:10_2..tyo.exe
198  dskc:10_2..dskusr.exe
199  dskc:10_2..typein.exe
200  dskc:10_2..setusr.exe
201  dskc:10_2020..bts256.exe
202  dskc:10_2020..ks10.qld
203  dskc:10_2020..smfile.exe
204  dskc:10_2020..smfile.hlp
205  dskc:10_2020..smfile.txt
206  dskc:10_2020..ks10.uld
207  dskc:10_2020..mtboot.rdi
208  dskc:10_2020..ks10.ram
209  dskc:10_2020..bootm.exe
210  dskc:10_2020..bootm.rel
211  dskc:10_2020..bootm.rdi
212  dskc:10_62..whobin.exe
213  dskc:10_62..switch.bak
214  dskc:10_62..switch.ini
215  dskc:10_6104..path.ini
216  dskc:10_6104..xfer.ctl
217  dskc:10_6104..kom.mac
218  dskc:10_6104..switch.ini
219  dskc:10_6104..post.exe
220  dskc:10_6104..declar.ini
221  dskc:10_6104..quasar.exe
222  dskc:10_6104.sys..vided.exe
223  dskc:10_6104.sys..finger.exe
224  dskc:10_6104.sys..compil.exe
225  dskc:10_6104.sys..init.exe
226  dskc:10_6104.sys..komscn.exe
227  dskc:10_6104.sys..ddt.exe
228  dskc:10_6104.sys..ddt.pat
229  dskc:10_6104.sys..sail.exe
230  dskc:10_6104.sys..illacc.exe
231  dskc:10_6104.sys..clear.exe
232  dskc:10_6104.sys..netq.exe
233  dskc:10_6104.sys..knut.exe
234  dskc:10_6104.sys..glxlib.exe
235  dskc:10_6104.sys..ptycon.exe
236  dskc:10_6104.sys..direct.exe
237  dskc:10_6104.sys..type.exe
238  dskc:10_6104.sys..remail.exe
239  dskc:10_6104.sys..getit.exe
240  dskc:10_6104.sys..tty.ini
241  dskc:10_6104..opser.exe
242  dskc:10_6104..mic.exe
243  dskc:10_6104..test.exe
244  dskc:10_6104..dzint.ddt
245  dskc:10_6104..login.exe
246  dskc:10_6104..ksspl.exe
247  dskc:10_6104..nadspl.exe
248  dskc:10_6104..xplot.exe
249  dskc:10_6104..netnam.exe
250  dskc:10_6104..lmenu.swe
251  dskc:10_6104..lmenu.eng
252  dskc:10_6104..rf733i.exe
253  dskc:10_6104..rf733o.exe
254  dskc:10_6104..nft.exe
255  dskc:10_6104..ovrlay.rel
256  dskc:10_6104..link.exe
257  dskc:10_6104..lnkscn.exe
258  dskc:10_6104..lnklod.exe
259  dskc:10_6104..lnkmap.exe
260  dskc:10_6104..lnkxit.exe
261  dskc:10_6104..lnkov1.exe
262  dskc:10_6104..lnkov2.exe
263  dskc:10_6104..lnkerr.exe
264  dskc:10_6104..lnk999.exe
265  dskc:10_6104..newlnk.bak
266  dskc:10_6104..link.swe
267  dskc:10_6104..newlnk.mic
268  dskc:10_6104..dnhost.txt
269  dskc:10_6104..decnet.cmd
270  dskc:5_66..pascal.exe
271  dskc:5_66..pasdeb.rel
272  dskc:5_66..pasddt.rel
273  dskc:5_66..paslib.rel
274  dskc:5_66..pasfor.rel
275  dskc:5_66..fortio.mac
276  dskc:5_66..pascmd.pas
277  dskc:5_66..pform.exe
278  dskc:5_66..pform.pas
279  dskc:5_66..forlib.rel
280  dskc:5_66..paspsi.mac
281  dskc:5_66..paspsi.rel
282  dskc:5_66..paspsi.doc
283  dskc:5_66..edits.txt
284  dskc:5_66..pascal.opr
285  dskc:5_66..paspty.mac
286  dskc:5_66..paspty.rel
287  dskc:5_25..access.usr
288  dskc:5_25..backuj.mic
289  dskc:5_25..c.mic
290  dskc:5_25..chkprt.mic
291  dskc:5_25..config.mic
292  dskc:5_25..core.mic
293  dskc:5_25..ctl.mic
294  dskc:5_25..ddt.mic
295  dskc:5_25..dir.mic
296  dskc:5_25..fasbol.mic
297  dskc:5_25..first.mic
298  dskc:5_25..gcs.mic
299  dskc:5_25..gnosis.mic
300  dskc:5_25..gripe.mic
301  dskc:5_25..help.hlp
302  dskc:5_25..help.mic
303  dskc:5_25..in.mic
304  dskc:5_25..kct.mic
305  dskc:5_25..leta.mic
306  dskc:5_25..lib.mic
307  dskc:5_25..libsim.mic
308  dskc:5_25..mic.mic
309  dskc:5_25..mici.mic
310  dskc:5_25..mtfile.mic
311  dskc:5_25..networ.mic
312  dskc:5_25..numset.mic
313  dskc:5_25..nwk.ccl
314  dskc:5_25..p.mic
315  dskc:5_25..plotta.mic
316  dskc:5_25..prolog.mic
317  dskc:5_25..prtmnt.mic
318  dskc:5_25..qzsis.mic
319  dskc:5_25..read.mic
320  dskc:5_25..reduce.mic
321  dskc:5_25..regadd.mic
322  dskc:5_25..regadd.tec
323  dskc:5_25..sfd.mic
324  dskc:5_25..sfor.mic
325  dskc:5_25..simnon.mic
326  dskc:5_25..sos.mic
327  dskc:5_25..stada.mic
328  dskc:5_25..trim.mic
329  dskc:5_25..tskriv.old
330  dskc:5_25..tty.mic
331  dskc:5_25..ttycop.mic
332  dskc:5_25..ttyx.mic
333  dskc:5_25..users.mic
334  dskc:5_25..vidpro.mic
335  dskc:5_25..termin.mic
336  dskc:5_25..sprfix.mic
337  dskc:5_25..bakcom.mic
338  dskc:5_25..a4adre.mic
339  dskc:5_25..a4adrb.mic
340  dskc:5_25..simcoc.mic
341  dskc:5_25..arpali.mic
342  dskc:5_25..cantor.mic
343  dskc:5_25..backto.qic
344  dskc:5_25..backto.mic
345  dskc:5_25..back.mic
346  dskc:5_25..tskriv.mic
347  dskc:101_671..access.usr
348  dskc:101_671..sopa.mic
349  dskc:101_671.ovnupp..o1.txt
350  dskc:101_671.ovnupp..o2.txt
351  dskc:101_671..ex1.pas
352  dskc:101_671.lab..lab5.bak
353  dskc:101_671.lab..lab3.txt
354  dskc:101_671.lab..skriv.mic
355  dskc:101_671.lab..lab4.pas
356  dskc:101_671.lab..tzt.pas
357  dskc:101_671.lab..lab3b.txt
358  dskc:101_671.lab..t.pas
359  dskc:101_671.lab..t.err
360  dskc:101_671.lab..try.mic
361  dskc:101_671.lab..pascal.err
362  dskc:101_671.lab..morse.d
363  dskc:101_671.lab..lab3.pas
364  dskc:101_671.lab..lab5.txt
365  dskc:101_671.lab..lab5.for
366  dskc:101_671.lab..lab.pas
367  dskc:101_671.detprg..d1.
368  dskc:101_671.detprg..d2.
369  dskc:101_671.detprg..d3.
370  dskc:101_671.detprg..d4.
371  dskc:101_671.detprg..d5.
372  dskc:101_671.detprg..da1.vlk
373  dskc:101_671.detprg.forel..trad.bak
374  dskc:101_671.detprg.forel..trad.txt
375  dskc:101_671.detprg.forel..dub.rel
376  dskc:101_671.detprg.forel..dub.bak
377  dskc:101_671.detprg.forel..dub.pas
378  dskc:101_671.detprg..sort.txt
379  dskc:101_671.detprg..d2a.
380  dskc:101_671.detprg..heap.pas
381  dskc:101_671.detprg..randin.mac
382  dskc:101_671.detprg..sort.pas
383  dskc:101_671.detprg..heap.txt
384  dskc:101_671.detprg..d2b.
385  dskc:101_671.detprg..h.r
386  dskc:101_671.detprg..f1.pas
387  dskc:101_671.detprg..f2.pas
388  dskc:101_671.detprg..f4.pas
389  dskc:101_671.detprg..f3.pas
390  dskc:101_671.detprg..f5.pas
391  dskc:101_671.detprg..ptycon.log
392  dskc:101_671.detprg..date.pas
393  dskc:101_671.detprg..vend.txt
394  dskc:101_671.detprg..met.
395  dskc:101_671.detprg..person.d
396  dskc:101_671.detprg..m1.pas
397  dskc:101_671.detprg..test.pnr
398  dskc:101_671.detprg..ini.pas
399  dskc:101_671.detprg..step2.pas
400  dskc:101_671.detprg..step3.pas
401  dskc:101_671.detprg..step1.pas
402  dskc:101_671.detprg..met.bak
403  dskc:101_671.detprg..met.txt
404  dskc:101_671.detprg..unifor.mac
405  dskc:101_671.detprg..inter.pas
406  dskc:101_671.detprg..f10.pas
407  dskc:101_671.detprg..konver.pas
408  dskc:101_671.detprg..hanoi.pas
409  dskc:101_671.detprg..huvu.pas
410  dskc:101_671.detprg..heron.pas
411  dskc:101_671.detprg..sort.hlp
412  dskc:101_671.detprg..morse.hlp
413  dskc:101_671.detprg..lab3.hlp
414  dskc:101_671.detprg..more.hlp
415  dskc:101_671.detprg..morse.tlg
416  dskc:101_671.detprg..prog.dag
417  dskc:101_671.svar..svar.txt
418  dskc:101_671.svar.egna..25.pas
419  dskc:101_671.svar.egna..217.pas
420  dskc:101_671.svar.egna..t.pas
421  dskc:101_671.svar.egna..235.pas
422  dskc:101_671.svar.egna..236.pas
423  dskc:101_671.svar.egna..238.pas
424  dskc:101_671.svar.egna..237.pas
425  dskc:101_671.svar.egna..239.pas
426  dskc:101_671.svar.egna..240.pas
427  dskc:101_671.svar.egna..slut.
428  dskc:101_671.svar.egna..33.pas
429  dskc:101_671.svar.egna..33.err
430  dskc:101_671.svar.egna..35.pas
431  dskc:101_671.svar.egna..sd.
432  dskc:101_671.svar.egna..34.pas
433  dskc:101_671.svar.egna..231.pas
434  dskc:101_671.svar.egna..up3013.pas
435  dskc:101_671.svar.egna..up3013.rel
436  dskc:101_671.svar..svar1.txt
437  dskc:101_671.svar..svar2.txt
438  dskc:101_671.svar..svar3.txt
439  dskc:101_671.svar..up401b.pas
440  dskc:101_671.svar..up4002.pas
441  dskc:101_671.svar..up4001.pas
442  dskc:101_671.svar..up43in.pas
443  dskc:101_671.svar..up4003.pas
444  dskc:101_671.svar..up4004.pas
445  dskc:101_671.svar..up4005.pas
446  dskc:101_671.svar..up4006.pas
447  dskc:101_671.svar..up4008.pas
448  dskc:101_671.svar..up4009.pas
449  dskc:101_671.svar..up407.pas
450  dskc:101_671.svar..up4007.pas
451  dskc:101_671.svar..up407b.pas
452  dskc:101_671.svar..up4010.pas
453  dskc:101_671.svar..up4011.pas
454  dskc:101_671.svar..svar.log
455  dskc:101_671.svar..up204f.for
456  dskc:101_671.svar..up202f.for
457  dskc:101_671.svar..up205f.for
458  dskc:101_671.svar..up207f.for
459  dskc:101_671.svar..up215f.for
460  dskc:101_671.svar..up221f.for
461  dskc:101_671.svar..up222f.for
462  dskc:101_671.svar..up223f.for
463  dskc:101_671.svar..up227f.for
464  dskc:101_671.svar..up234f.for
465  dskc:101_671.svar..up239f.for
466  dskc:101_671.svar..up304f.for
467  dskc:101_671.svar..up306f.for
468  dskc:101_671.svar..up305f.for
469  dskc:101_671.svar..up302f.for
470  dskc:101_671.svar..svar5.log
471  dskc:101_671.svar..for.log
472  dskc:101_671.svar..up316f.for
473  dskc:101_671.svar..up201f.for
474  dskc:101_671.svar..ovn4.sva
475  dskc:101_671.svar..ovn6.
476  dskc:101_671.svar..ovn5.
477  dskc:101_671.svar..ovn8.txt
478  dskc:101_671.svar..ovn7.txt
479  dskc:101_671.svar..ovn9.txt
480  dskc:101_671.svar..svar5.sva
481  dskc:101_671.svar..ovn10.txt
482  dskc:101_671.svar..svar6.txt
483  dskc:101_671.svar..ovn11.
484  dskc:101_671.svar..ovn10.
485  dskc:101_671.svar..ovn14.
486  dskc:101_671.svar..ovn15.
487  dskc:101_671.svar..ovn16.
488  dskc:101_671..klara.los
489  dskc:101_671..ddd.pas
490  dskc:101_671.exempe..ex61.bak
491  dskc:101_671.exempe..ex61.
492  dskc:101_671.exempe..ex62.
493  dskc:101_671.exempe..ex63.
494  dskc:101_671.exempe..ex64.
495  dskc:101_671.exempe..ex65.
496  dskc:101_671..switch.ini
497  dskc:101_671..konv.txt
498  dskc:101_671..konv.tzt
499  dskc:101_671..skriv.mic
500  dskc:101_671.elever..dop.85
501  dskc:101_671.elever..b.
502  dskc:101_671.elever..tel.dop
503  dskc:101_671.elever..dop.gr
504  dskc:101_671.elever..dop85.res
505  dskc:101_671.elever..res.bak
506  dskc:101_671.elever..res.85
507  dskc:101_671.elever..lab.bak
508  dskc:101_671.elever..rapor1.bak
509  dskc:101_671.elever..rapor1.2
510  dskc:101_671.elever..lab.dop
511  dskc:101_671..dop.85
512  dskc:101_671..sort.hlp
513  dskc:101_671..randin.mac
514  dskc:101_671..hlp.
515  dskc:101_671..vekt.pas
516  dskc:101_671..p.err
517  dskc:101_671..konv.pas
518  dskc:101_671..proc.pas
519  dskc:101_671..p.pas
520  dskc:101_671..t.pas
521  dskc:101_671..arc.pas
522  dskc:101_671..arcsin.pas
523  dskc:101_671..arrst.pas
524  dskc:101_671..lnklst.pas
525  dskc:101_671..svar.log
526  dskc:101_671..pasex.log
527  dskc:101_671..kom.err
528  dskc:101_671..kom.pas
529  dskc:101_671.system..fored.sim
530  dskc:101_671.system..fored.rel
531  dskc:101_671.system..fored.exe
532  dskc:101_671.system..laser.sim
533  dskc:101_671.system..minied.sim
534  dskc:101_671.system..more.sim
535  dskc:101_671.system..pased.sim
536  dskc:101_671..deb.log
537  dskc:101_671..gcd.pas
538  dskc:101_671..calcul.hlp
539  dskc:101_671..prog.pm
540  dskc:101_671.dop..a.pas
541  dskc:101_671.dop..ten.log
542  dskc:101_671.dop..a.err
543  dskc:101_671.dop..ten1.
544  dskc:101_671.dop..ten2.log
545  dskc:101_671.dop..ex3.pas
546  dskc:101_671.dop..ten2.
547  dskc:101_671.dop..l.pas
548  dskc:101_671.dop..ex2.pas
549  dskc:101_671.dop..ex101.pas
550  dskc:101_671.dop..ex101.err
551  dskc:101_671..proc.for
552  dskc:101_671..n.pas
553  dskc:101_671..norm.pas
554  dskc:101_671..svar5.log
555  dskc:101_671..tz.for
556  dskc:101_671..ex101.pas
557  dskc:101_671..upp62.pas
558  dskc:101_671..in.sim
559  dskc:101_671..met.txt
560  dskc:101_671..tzt.pas
561  dskc:101_671..medel.txt
562  dskc:101_671..ovn14.
563  dskc:101_671..ovn15.
564  dskc:101_671..r.r
565  dskc:101_671..d.d
566  dskc:101_671..u7.pas
567  dskc:101_671..u9.for
568  dskc:101_671..t.t
569  dskc:101_671..heron.pas
570  dskc:101_671..t123.pas
571  dskc:101_671..m.k
572  dskc:101_671..tm.
573  dskc:101_671..larv.rel
574  dskc:101_671..larv.pas
575  dskc:101_671..amis.mac
576  dskc:101_671..amisx.rel
577  dskc:101_671..amisx.exe
578  dskc:101_671..screen.rel
579  dskc:101_671..dcl.ccl
580  dskc:101_671..amis.exe
581  dskc:101_671..amisx.mac
582  dskc:101_671..pth.ccl
583  dskc:101_671..poly.rel
584  dskc:101_671..poly.pas
585  dskc:101_671..hu.rel
586  dskc:101_671..hu.for
587  dskc:101_671..t.rel
588  dskc:101_671..u7.rel
589  dskc:101_671..hanoi.rel
590  dskc:101_671..hanoi.bak
591  dskc:101_671..hanoi.pas
592  dskc:101_671..ptycon.bak
593  dskc:101_671..med.mic
594  dskc:101_671..gr.bak
595  dskc:101_671..gr.txt
596  dskc:101_671..ex.rel
597  dskc:101_671..ex.bak
598  dskc:101_671..ex.pas
599  dskc:101_671..medel.bak
600  dskc:101_671..medel.mic
601  dskc:200_300..netque.exe
602  dskc:200_300..netque.hlp
603  dskc:200_300..netque.mac
604  dskc:200_300..regman.exe
605  dskc:200_300..nskriv.bak
606  dskc:200_300..netrec.mic
607  dskc:200_300..netsen.bak
608  dskc:200_300..netsen.mic
609  dskc:200_300..inspec.exe
610  dskc:200_300..switch.100
611  dskc:200_300..switch.300
612  dskc:200_300..switch.1xx
613  dskc:200_300..switch.3xx
614  dskc:200_300..skriv.mic
615  dskc:200_300..ejkom.mac
616  dskc:200_300..ejkom.exe
617  dskc:200_300..tskriv.old
618  dskc:200_300..tskriv.exe
619  dskc:200_300..tskriv.sim
620  dskc:200_300..fored.exe
621  dskc:200_300..elfin.rel
622  dskc:200_300..gpgsm.rel
623  dskc:200_300..gpgsm.sim
624  dskc:200_300..edemo.exe
625  dskc:200_300..hpplot.osi
626  dskc:200_300..elfin.sim
627  dskc:200_300..hppx.mac
628  dskc:200_300..hpplot.exe
629  dskc:200_300..hpplot.omi
630  dskc:200_300..hpp.exe
631  dskc:200_300..hpp.pas
632  dskc:200_300..hpplot.sim
633  dskc:200_300..hpplot.mic
634  dskc:200_300..screen.pas
635  dskc:200_300..screen.rel
636  dskc:200_300..screen.hlp
637  dskc:200_300..screen.ins
638  dskc:200_300..screen.src
639  dskc:200_300..screxm.exe
640  dskc:200_300..screxm.pas
641  dskc:200_300.skriv..skriv.oic
642  dskc:200_300.skriv..skriv.ohl
643  dskc:200_300.skriv..skrivx.mac
644  dskc:200_300.skriv..skriv.h1
645  dskc:200_300.skriv..skriv.rel
646  dskc:200_300.skriv..skriv.xex
647  dskc:200_300.skriv..skriv.sss
648  dskc:200_300.skriv..xx.hlp
649  dskc:200_300.skriv..sk.rel
650  dskc:200_300.skriv..xxx.hlp
651  dskc:200_300.skriv..sk.old
652  dskc:200_300.skriv..skriv.exe
653  dskc:200_300.skriv..sk.bak
654  dskc:200_300.skriv..skr.exe
655  dskc:200_300.skriv..sk.exe
656  dskc:200_300.skriv..skriv.bak
657  dskc:200_300.skriv..skriv.sim
658  dskc:200_300..elfin.lib
659  dskc:200_300..kurvan.lib
660  dskc:200_300..delfin.t10
661  dskc:200_300..delfin.log
662  dskc:200_300..elfin.doc
663  dskc:200_300..edemo.sim
664  dskc:200_300..gpgsm.doc
665  dskc:200_300..elfin.bwr
666  dskc:200_300..dkurva.t10
667  dskc:200_300..dkurva.log
668  dskc:200_300..kurvan.sim
669  dskc:200_300..kurvan.hlp
670  dskc:200_300..kurvan.inf
671  dskc:200_300..grafix.sim
672  dskc:200_300..sti.sim
673  dskc:200_300..totyp.sim
674  dskc:200_300..sti.atr
675  dskc:200_300..sti.rel
676  dskc:200_300..totyp.atr
677  dskc:200_300..totyp.rel
678  dskc:200_300..kurvan.exe
679  dskc:200_300..x3.txt
680  dskc:200_300..elfin.qtr
681  dskc:200_300..gpgsm.qtr
682  dskc:200_300..grafix.qtr
683  dskc:200_300..g30enk.d1
684  dskc:200_300..elfin.atr
685  dskc:200_300..gpgsm.atr
686  dskc:200_300..todisk.mic
687  dskc:200_300..totape.mic
688  dskc:200_300..port.bak
689  dskc:200_300..nskriv.old
690  dskc:200_300..switch.ini
691  dskc:200_300..rndint.mac
692  dskc:200_300..rndint.rel
693  dskc:200_300..rndint.bak
694  dskc:200_300..unifrm.mac
695  dskc:200_300..unifrm.rel
696  dskc:200_300.matlab..matl10.lib
697  dskc:200_300.matlab..mat.for
698  dskc:200_300.matlab..lib.for
699  dskc:200_300.matlab..jnffil.for
700  dskc:200_300.matlab..load.cmd
701  dskc:200_300.matlab..matlab.doc
702  dskc:200_300.matlab..matlab.inf
703  dskc:200_300.matlab..tops20.rel
704  dskc:200_300.matlab..mat.rel
705  dskc:200_300.matlab..lib.rel
706  dskc:200_300.matlab..jnffil.rel
707  dskc:200_300.matlab..tops20.bak
708  dskc:200_300.matlab..tops20.for
709  dskc:200_300.matlab..tops20.f1
710  dskc:200_300..matlab.exe
711  dskc:200_300..diablo.mic
712  dskc:200_300.genamn..genamn.bak
713  dskc:200_300.genamn..genamn.sim
714  dskc:200_300.genamn..accexm.usr
715  dskc:200_300.genamn..access.exm
716  dskc:200_300.genamn..access.bak
717  dskc:200_300.genamn..access.txt
718  dskc:200_300.genamn..pnrok.sim
719  dskc:200_300.genamn..olle.txt
720  dskc:200_300.genamn..linamn.txt
721  dskc:200_300.genamn..linamn.bak
722  dskc:200_300.genamn..linamn.sim
723  dskc:200_300.genamn..grnamn.sim
724  dskc:200_300.genamn..grnamn.bak
725  dskc:200_300.genamn..grnamn.txt
726  dskc:200_300.genamn..pnrok.atr
727  dskc:200_300.genamn..pnrok.rel
728  dskc:200_300.genamn..grnamn.atr
729  dskc:200_300.genamn..grnamn.rel
730  dskc:200_300.genamn..genamn.rel
731  dskc:200_300.genamn..getlog.sim
732  dskc:200_300.genamn..sortor.sim
733  dskc:200_300.genamn..sortor.atr
734  dskc:200_300.genamn..sortor.rel
735  dskc:200_300.genamn..getlog.atr
736  dskc:200_300.genamn..getlog.rel
737  dskc:200_300.genamn..linamn.rel
738  dskc:200_300..genamn.exe
739  dskc:200_300..vika.exe
740  dskc:200_300..linamn.ny
741  dskc:200_300..vt100.exe
742  dskc:200_300..linamn.exe
743  dskc:200_300..nskriv.mic
744  dskc:200_300..grafix.atr
745  dskc:200_300..whilas.tmp
746  dskc:200_300..port.
747  dskc:110_702..login.txt
748  dskc:110_702.kicki..system.sim
749  dskc:110_702.kicki..netwrk.sim
750  dskc:110_702.kicki..indata.sim
751  dskc:110_702.kicki..genrut.sim
752  dskc:110_702.kicki..opt.sim
753  dskc:110_702.kicki.rel.data..data.
754  dskc:110_702..switch.ini
755  dskc:110_702..initia.ini
756  dskc:110_702.basic..belopp.bas
757  dskc:110_702.basic..minst.bas
758  dskc:110_702.basic..avrund.bas
759  dskc:110_702.basic..avhugg.bas
760  dskc:110_702.basic..33.bas
761  dskc:110_702.basic..34.bas
762  dskc:110_702.basic..35.bas
763  dskc:110_702.basic..38.bas
764  dskc:110_702.basic..39.bas
765  dskc:110_702.basic..313.bas
766  dskc:110_702.basic..pr.
767  dskc:110_702.basic..extrt2.bas
768  dskc:110_702.tom..soluti.tex
769  dskc:110_702..soluti.tex
770  dskc:200_505..read.me
771  dskc:200_505.pg..pg1.txt
772  dskc:200_505.pg..pg2.txt
773  dskc:200_505.pg..pg3.txt
774  dskc:200_505.pg..pg4.txt
775  dskc:200_505.pg..pg6.txt
776  dskc:200_505.pg..pg7.txt
777  dskc:200_505.pg..pg8.txt
778  dskc:200_505.pg..pg9.txt
779  dskc:200_505.pg..pg10.txt
780  dskc:200_505.pg..pg11.txt
781  dskc:200_505.pg..pg13.txt
782  dskc:200_505.pg..pg16.txt
783  dskc:200_505.pg..pg17.txt
784  dskc:200_505.pg..pg21.txt
785  dskc:200_505.pg..pg22.txt
786  dskc:200_505.pg..pg23.txt
787  dskc:200_505.pg..pg27.txt
788  dskc:200_505.pg..pg28.txt
789  dskc:200_505.pg..pg29.txt
790  dskc:200_505.pg..pg32.txt
791  dskc:200_505.pg..pg34.txt
792  dskc:200_505.pg..pg35.txt
793  dskc:200_505.pg..pg36.txt
794  dskc:200_505.pg..pg37.txt
795  dskc:200_505.pg..pg38.txt
796  dskc:200_505.pg..pg39.txt
797  dskc:200_505.pg..blackb.pas
798  dskc:200_505.pg..blackb.txt
799  dskc:200_505.pas..vend.pas
800  dskc:200_505.pas..brytom.pas
801  dskc:200_505.pas..divi.pas
802  dskc:200_505.pas..kort.pas
803  dskc:200_505.pas..obraz.pas
804  dskc:200_505.pas..ord.pas
805  dskc:200_505.pas..ordtes.pas
806  dskc:200_505.pas..pg2.pas
807  dskc:200_505.pas..pg23.pas
808  dskc:200_505.pas..pg36.pas
809  dskc:200_505.pas..prim.pas
810  dskc:200_505.pas..random.pas
811  dskc:200_505.pas..slulab.pas
812  dskc:200_505.pas..slump.pas
813  dskc:200_505.pas..t5b.pas
814  dskc:200_505.pas..t5c.pas
815  dskc:200_505.pas..unifor.pas
816  dskc:200_505.pas..calc.pas
817  dskc:200_505.pas..calcul.hlp
818  dskc:200_505.doc..sort.hlp
819  dskc:200_505.doc..pasex.txt
820  dskc:200_505.doc..svar.txt
821  dskc:200_505.doc..fored.hlp
822  dskc:200_505.doc..fored.doc
823  dskc:200_505.lab..lab5.txt
824  dskc:200_505.lab..lab2.pas
825  dskc:200_505.lab..lab1.txt
826  dskc:200_505.lab..lab2.txt
827  dskc:200_505.lab..lab3.txt
828  dskc:200_505.lab..lab4.txt
829  dskc:200_505.lab..calc.pas
830  dskc:200_505.lab..lab5.for
831  dskc:200_505.lab..sort.lst
832  dskc:200_505.lab..lab3.pas
833  dskc:200_505.lab..handl.bak
834  dskc:200_505.lab..handl.txt
835  dskc:200_505.lab.labbar..lab5.for
836  dskc:200_505.lab.labbar..calc.pas
837  dskc:200_505.lab.labbar..lab3.pas
838  dskc:200_505.lab.labbar..lab2.pas
839  dskc:200_505.lab.labbar..calcul.hlp
840  dskc:200_505.lab.labbar..labbar.pas
841  dskc:200_505.lab.labbar..labbar.exe
842  dskc:200_505.lab.labbar..calcx.pas
843  dskc:200_505.source..randin.mac
844  dskc:200_505.source..unifor.mac
845  dskc:200_505.source..fored.sim
846  dskc:200_505.sys..pased.exe
847  dskc:200_505.sys..fored.exe
848  dskc:200_505.sys..more.exe
849  dskc:200_505.sys..vt100.exe
850  dskc:200_505.sys..labbar.exe
851  dskc:200_505..access.usr
852  dskc:200_505..sopa.mic
853  dskc:5_55..watch.old
854  dskc:5_55..help.hlp
855  dskc:5_55..regler.hlp
856  dskc:5_55..td.exe
857  dskc:5_55..push.exe
858  dskc:5_55..watch.hlp
859  dskc:5_55..bell.sng
860  dskc:5_55..access.usr
861  dskc:5_55..td.hlp
862  dskc:5_55..vt100.exe
863  dskc:5_55..kommot.exe
864  dskc:5_55..kommot.hlp
865  dskc:5_55..watch.exe
866  dskc:5_55..cd.exe
867  dskc:5_55..ml.exe
868  dskc:5_55..xfind.exe
869  dskc:5_55..access.log
870  dskc:101_172.ovnupp..tabell.txt
871  dskc:101_172.ovnupp..svar.txt
872  dskc:101_172.ovnupp..bjud.txt
873  dskc:101_172.ovnupp..bins.for
874  dskc:101_172.ovnupp..svarf.txt
875  dskc:101_172.ovnupp..svar5.txt
876  dskc:101_172.ovnupp..fib.pas
877  dskc:101_172.ovnupp..fib.for
878  dskc:101_172.ovnupp..randin.mac
879  dskc:101_172.ovnupp..upp62.pas
880  dskc:101_172.ovnupp..svar3.txt
881  dskc:101_172.ovnupp..tenta1.txt
882  dskc:101_172.ovnupp..tenta2.txt
883  dskc:101_172.ovnupp..svar6.txt
884  dskc:101_172.ovnupp..svar4.txt
885  dskc:101_172.ovnupp..svar2.bak
886  dskc:101_172.ovnupp..svar2.txt
887  dskc:101_172.ovnupp..upp234.pas
888  dskc:101_172..pth.ccl
889  dskc:101_172..access.usr
890  dskc:101_172.facil..laser.sim
891  dskc:101_172.facil..sopa.mic
892  dskc:101_172.facil..pased.sim
893  dskc:101_172.lab..morse.d
894  dskc:101_172.lab..lab3.pas
895  dskc:101_172.lab..help.lb4
896  dskc:101_172.lab..lab4.pas
897  dskc:101_172.lab..lab5.for
898  dskc:101_172.lab..lab2.txt
899  dskc:101_172..switch.ini
900  dskc:101_172.divers..lek1.bak
901  dskc:101_172.divers..lek1.txt
902  dskc:101_172..sopa.mic
903  dskc:101_172.underv..maxmin.pas
904  dskc:101_172.underv..test.pas
905  dskc:101_172.underv..vokal.pas
906  dskc:101_172.underv..boksta.pas
907  dskc:101_172.underv..countc.pas
908  dskc:101_172.underv..vektor.pas
909  dskc:101_172.underv..test1.pas
910  dskc:101_172.underv..test2.pas
911  dskc:101_172.underv..test3.pas
912  dskc:101_172.underv..dattyp.pas
913  dskc:101_172.underv..test5.pas
914  dskc:101_172..randin.mac
915  dskc:101_172..dcl.ccl
916  dskc:101_172..ovnupp.txt
917  dskc:101_172..regman.exe
918  dskc:101_172..save.qtr
919  dskc:101_172..save.rel
920  dskc:101_172..save.bak
921  dskc:101_172..save.atr
922  dskc:101_172..save.sim
923  dskc:101_172..load.bak
924  dskc:101_172..load.sim
925  dskc:101_172..load.atr
926  dskc:101_172..load.rel
927  dskc:110_707.mic..dir.mic
928  dskc:110_707.mic..skriv.mic
929  dskc:110_707.mic..tskriv.mic
930  dskc:110_707.mic..qlean.mic
931  dskc:110_707.mic..ql.mic
932  dskc:110_707.mic..skrutt.log
933  dskc:110_707.mic..skrut2.ctl
934  dskc:110_707.mic..skrut2.log
935  dskc:110_707.mic..skrutt.ctl
936  dskc:110_707.mic..prvera.mic
937  dskc:110_707.mic..skrutt.mic
938  dskc:110_707.mic..vera.mic
939  dskc:110_707.text..test.txt
940  dskc:110_707.text..trasig.txt
941  dskc:110_707.text..flytta.kom
942  dskc:110_707.text..sdrap1.txt
943  dskc:110_707.text..sdrap2.txt
944  dskc:110_707.text..gax.hlp
945  dskc:110_707.text..flaekt.vis
946  dskc:110_707.text..brev.jht
947  dskc:110_707.text..brev.ch
948  dskc:110_707.text..xj.txt
949  dskc:110_707.bas..lab.bas
950  dskc:110_707.bas..lab2.bas
951  dskc:110_707.bas..cursor.bas
952  dskc:110_707.bas..lab3c.bas
953  dskc:110_707.bas..vekt.bas
954  dskc:110_707.bas..noname.bas
955  dskc:110_707.bas..fakult.bas
956  dskc:110_707.bas..big.bas
957  dskc:110_707.bas..big2.bas
958  dskc:110_707.bas..pp34.bas
959  dskc:110_707.bas..pp35.bas
960  dskc:110_707.bas..pp38.bas
961  dskc:110_707.bas..log.bas
962  dskc:110_707.bas..cur.bas
963  dskc:110_707.bas..curtst.bas
964  dskc:110_707.pas..labbar.exe
965  dskc:110_707.pas..inter.pas
966  dskc:110_707.pas..nisse.pas
967  dskc:110_707.pas..domino.pas
968  dskc:110_707.pas..boggle.pas
969  dskc:110_707.pas..tal37.pas
970  dskc:110_707.pas..tal44.pas
971  dskc:110_707.pas..test.pas
972  dskc:110_707.pas..invers.pas
973  dskc:110_707.pas..invers.in
974  dskc:110_707.pas..invers.ut
975  dskc:110_707.pas..invers.in2
976  dskc:110_707.pas..invers.ut2
977  dskc:110_707.pas..morse.d
978  dskc:110_707.sim..psvlib.rel
979  dskc:110_707.sim..psvlib.atr
980  dskc:110_707.sim..psvlib.lib
981  dskc:110_707.sim..psvlib.mic
982  dskc:110_707.sim..tskriv.old
983  dskc:110_707.sim..tskriv.exe
984  dskc:110_707.sim..tskriv.sim
985  dskc:110_707.sim..sysfk1.in
986  dskc:110_707.sim..sysfk1.sim
987  dskc:110_707.sim..sysfk1.out
988  dskc:110_707.sim..sysfk2.sim
989  dskc:110_707.sim..sysfk2.out
990  dskc:110_707.sim..hus.sim
991  dskc:110_707.sim..gksm.atr
992  dskc:110_707.sim..gksm.sim
993  dskc:110_707.sim..skylt.bak
994  dskc:110_707.sim..skylt.rel
995  dskc:110_707.sim..skylt.sim
996  dskc:110_707.sim..skylt.plt
997  dskc:110_707..gax.exe
998  dskc:110_707..switch.ini
999  dskc:110_707..pth.ccl
1000  dskc:110_707..amis.ini
1001  dskc:110_707..dcl.ccl
1002  dskc:200_500..4711.reg
1003  dskc:200_500..access.bak
1004  dskc:200_500..t1.ids
1005  dskc:200_500..d1.ids
1006  dskc:200_500..205.reg
1007  dskc:200_500..regman.nad
1008  dskc:200_500..204711.reg
1009  dskc:200_500..503.psv
1010  dskc:200_500..503.bak
1011  dskc:200_500..503.mic
1012  dskc:200_500..100or.dir
1013  dskc:200_500..nam.bak
1014  dskc:200_500..nam.mic
1015  dskc:200_500..241.y
1016  dskc:200_500..304.x
1017  dskc:200_500..access.usr
1018  dskc:200_500..117.reg
1019  dskc:200_500..150.reg
1020  dskc:200_500..201.reg
1021  dskc:200_500..206.reg
1022  dskc:200_500..230.reg
1023  dskc:200_500..232.reg
1024  dskc:200_500..241.reg
1025  dskc:200_500..303.reg
1026  dskc:200_500..323.reg
1027  dskc:200_500..326.reg
1028  dskc:200_500..351.reg
1029  dskc:200_500..352.reg
1030  dskc:200_500..401.reg
1031  dskc:200_500..421.reg
1032  dskc:200_500..426.reg
1033  dskc:200_500..453.reg
1034  dskc:200_500..457.reg
1035  dskc:200_500..502.reg
1036  dskc:200_500..503.reg
1037  dskc:200_500..504.reg
1038  dskc:200_500..505.reg
1039  dskc:200_500..506.reg
1040  dskc:200_500..602.reg
1041  dskc:200_500..610.reg
1042  dskc:200_500..611.reg
1043  dskc:200_500..612.reg
1044  dskc:200_500..613.reg
1045  dskc:200_500..614.reg
1046  dskc:200_500..615.reg
1047  dskc:200_500..616.reg
1048  dskc:200_500..617.reg
1049  dskc:200_500..620.reg
1050  dskc:200_500..621.reg
1051  dskc:200_500..622.reg
1052  dskc:200_500..623.reg
1053  dskc:200_500..624.reg
1054  dskc:200_500..625.reg
1055  dskc:200_500..626.reg
1056  dskc:200_500..627.reg
1057  dskc:200_500..227.reg
1058  dskc:200_500..224.reg
1059  dskc:200_500..231.reg
1060  dskc:200_500..304.reg
1061  dskc:200_500..regman.bak
1062  dskc:200_500..regman.ini
1063  dskc:200_500..325.reg
1064  dskc:200_500..477.reg
1065  dskc:101_500..regman.exe
1066  dskc:101_500.help..allm.hlp
1067  dskc:101_500.help..fram.hlp
1068  dskc:101_500.help..grupp.hlp
1069  dskc:101_500.help..lista.hlp
1070  dskc:101_500.help..meddel.hlp
1071  dskc:101_500.help..nyhete.hlp
1072  dskc:101_500..vika.exe
1073  dskc:101_500..krsgen.exe
1074  dskc:101_500..regpac.exe
1075  dskc:101_500..clear.exe
1076  dskc:101_500..nizez.bak
1077  dskc:101_500..nizez.
1078  dskc:101_500..clear.log
1079  dskc:101_500..regpac.bak
1080  dskc:101_500..videdp.t2
1081  dskc:101_500..konto.mic
1082  dskc:101_500..hej.
1083  dskc:101_500..regpac.log
1084  dskc:101_500..regpac.ctl
1085  dskc:101_500..227.ids
1086  dskc:101_500..227.mic
1087  dskc:101_500..227.bak
1088  dskc:101_500..224.ids
1089  dskc:101_500..224.mic
1090  dskc:101_500..224.bak
1091  dskc:101_500..231.ids
1092  dskc:101_500..206.ids
1093  dskc:101_500..206.mic
1094  dskc:101_500..206.lap
1095  dskc:101_500..502.ids
1096  dskc:101_500..502.mic
1097  dskc:101_500..502.lap
1098  dskc:101_500..251.ids
1099  dskc:101_500..251.mic
1100  dskc:101_500..251.lap
1101  dskc:101_500..304.old
1102  dskc:101_500..304.ids
1103  dskc:101_500..304.bak
1104  dskc:101_500..304.lap
1105  dskc:101_500..304.mic
1106  dskc:101_500..videdp.tmp
1107  dskc:10_357..nadja.tti
1108  dskc:10_357..opr.aaa
1109  dskc:10_357..tty.nad
1110  dskc:10_357..dummy.
1111  dskc:10_357..kul.ctl
1112  dskc:10_357..kul.log
1113  dskc:10_357..pm.hlp
1114  dskc:10_357..todisk.mic
1115  dskc:10_357..totape.bak
1116  dskc:10_357..totape.mic
1117  dskc:10_357..totape.a
1118  dskc:10_357..test.swe
1119  dskc:101_105..switch.ini
1120  dskc:101_105..taemot.mic
1121  dskc:101_105..2nadja.mic
1122  dskc:101_105..venus.lib
1123  dskc:101_105..factur.911
1124  dskc:101_105..factur.912
1125  dskc:101_105..factur.001
1126  dskc:101_105..kron.tal
1127  dskc:101_105..tr0605.bus
1128  dskc:101_105..litter.tur
1129  dskc:101_105..litter.tab
1130  dskc:101_105..exjobb.reg
1131  dskc:110_701..ex41.bas
1132  dskc:110_701..ex42.bas
1133  dskc:110_701..ex46.bas
1134  dskc:110_701..ex47.bas
1135  dskc:110_701..ovn31.bas
1136  dskc:110_701..ovn32.bas
1137  dskc:110_701..ovn33.bas
1138  dskc:110_701..ovn34.bas
1139  dskc:110_701..ovn35.bas
1140  dskc:110_701..ovn36.bas
1141  dskc:110_701..ovn2.txt
1142  dskc:110_701..pty.mic
1143  dskc:110_701..liss.sim
1144  dskc:110_701..clean.mic
1145  dskc:110_701..amis.txt
1146  dskc:110_701..animal.dat
1147  dskc:110_701..pretty.pas
1148  dskc:110_701..pascal.ord
1149  dskc:110_701..kalle.pas
1150  dskc:10_16..jobfct.004
1151  dskc:10_16..jobfct.005
1152  dskc:10_16..acctp.rel
1153  dskc:10_16..acctp.qor
1154  dskc:10_16..acctp.ctl
1155  dskc:10_16..acctp.log
1156  dskc:10_16..acct.lst
1157  dskc:10_16..acct.dat
1158  dskc:10_16..acctp.for
1159  dskc:10_16..kom10.exe
1160  dskc:110_714..minied.exe
1161  dskc:110_714..randin.mac
1162  dskc:110_714..unifor.mac
1163  dskc:110_714..minied.sim
1164  dskc:110_714..jg1.hlp
1165  dskc:110_714..jp1.txt
1166  dskc:110_714..g10.hlp
1167  dskc:110_714..g4.hlp
1168  dskc:110_714..g4.pas
1169  dskc:110_714..g15.pas
1170  dskc:110_714..g16.pas
1171  dskc:110_714..j2.txt
1172  dskc:110_714..t2.txt
1173  dskc:110_714..ee.txt
1174  dskc:110_714..g5.hlp
1175  dskc:110_714..g18.pas
1176  dskc:110_714..jjj.txt
1177  dskc:110_714..normal.pas
1178  dskc:110_714..huvud.txt
1179  dskc:110_714..unifor.txt
1180  dskc:110_714..unifor.pas
1181  dskc:110_714..randin.txt
1182  dskc:110_714..randin.pas
1183  dskc:110_714..g1.pas
1184  dskc:110_714..g2.pas
1185  dskc:110_714..g10.pas
1186  dskc:110_714..g8.pas
1187  dskc:110_714..g9.txt
1188  dskc:110_714..g10.txt
1189  dskc:110_714..g12.txt
1190  dskc:110_714..g1.txt
1191  dskc:110_714..g3.txt
1192  dskc:110_714..g7.txt
1193  dskc:110_714..g17.txt
1194  dskc:110_714..g8.txt
1195  dskc:110_714..g6.txt
1196  dskc:110_714..g24.txt
1197  dskc:110_714..g2.txt
1198  dskc:110_714..g4.txt
1199  dskc:110_714..g18.txt
1200  dskc:110_714..g19.txt
1201  dskc:110_714..g11.txt
1202  dskc:110_714..g20.txt
1203  dskc:110_714..g13.txt
1204  dskc:110_714..g14.txt
1205  dskc:110_714..g21.txt
1206  dskc:110_714..g22.txt
1207  dskc:110_714..g15.rel
1208  dskc:110_714..g5.txt
1209  dskc:110_714..g15.txt
1210  dskc:110_714..g16.txt
1211  dskc:110_714..g3.rel
1212  dskc:110_714..g23.txt
1213  dskc:110_714..g2.rel
1214  dskc:110_714..unifor.rel
1215  dskc:110_714..g3.pas
1216  dskc:110_714..test.ses
1217  dskc:110_714..g6.rel
1218  dskc:110_714..test.t.ses
1219  dskc:110_714..g5.rel
1220  dskc:110_714..mpg2.hlp
1221  dskc:110_714..g5.pas
1222  dskc:110_714..g6.hlp
1223  dskc:110_714..g6.bak
1224  dskc:110_714..g6.pas
1225  dskc:502_300..switch.ini
1226  dskc:502_300..pret.pas
1227  dskc:502_300..pascal.ord
1228  dskc:503_300..switch.ini
1229  dskc:504_300..switch.ini
1230  dskc:110_607..kom.err
1231  dskc:110_715..system.sim
1232  dskc:110_715..system.txt
1233  dskc:110_715..snigel.bas
1234  dskc:110_715..flytta.txt
1235  dskc:110_715..pty.txt
1236  dskc:110_715..dcl.ccl
1237  dskc:110_715..nohead.mic
1238  dskc:110_715..switch.bak
1239  dskc:110_715..skriv.mic
1240  dskc:110_715..syst.txt
1241  dskc:110_715..syst2.txt
1242  dskc:110_715..syst.sim
1243  dskc:110_715..kopior.mic
1244  dskc:110_715..sysfk2.out
1245  dskc:110_715..matssw.ini
1246  dskc:110_715..slut.vis
1247  dskc:110_715..l1b.mac
1248  dskc:110_715..switch.ini
1249  dskc:110_715..test.bak
1250  dskc:110_715..v.mic
1251  dskc:110_715..tst.bak
1252  dskc:110_715..tst.for
1253  dskc:110_715..ttt.bak
1254  dskc:110_715..ttt.for
1255  dskc:110_715..nisse.bak
1256  dskc:110_715..nisse.sim
1257  dskc:110_715..text.bak
1258  dskc:110_715..text.sim
1259  dskc:110_715..tskriv.mic
1260  dskc:110_715..m1b.txt
1261  dskc:110_715..m1c.txt
1262  dskc:421_300..access.usr
1263  dskc:421_300..sopa.mic
1264  dskc:421_300..inter.pas
1265  dskc:421_300..morse.d
1266  dskc:421_300..bjud.txt
1267  dskc:421_300..ps.txt
1268  dskc:421_300..randin.mac
1269  dskc:421_300..unifor.mac
1270  dskc:101_165..randin.mac
1271  dskc:101_165..unifor.mac
1272  dskc:101_165..switch.ini
1273  dskc:101_165.mic..skriv.mic
1274  dskc:101_165.mic..del.mic
1275  dskc:101_165.mic..f.mic
1276  dskc:101_165.mic..ordna.mic
1277  dskc:101_165.mic..s.mic
1278  dskc:101_165.mic..sopa.mic
1279  dskc:101_165.mic..ascii.txt
1280  dskc:101_165.mic..ascii.mic
1281  dskc:101_165.mic..bye.txt
1282  dskc:101_165.mic..logout.mic
1283  dskc:101_165..pth.ccl
1284  dskc:101_165..dcl.ccl
1285  dskc:101_166..switch.ini
1286  dskc:101_166..io.rel
1287  dskc:110_666..switch.bak
1288  dskc:110_666..switch.ini
1289  dskc:101_116..boggle.pas
1290  dskc:10_10..x.mic
1291  dskc:10_10..nik.mic
1292  dskc:10_10..updatx.mic
1293  dskc:5_30..hej.
1294  dskc:5_30..lisa.exe
1295  dskc:5_30..lisa.hlp
1296  dskc:5_30..lisa.mic
1297  dskc:5_30..nummer.exe
1298  dskc:5_30..ljus.exe
1299  dskc:5_30..ljus.hlp
1300  dskc:5_30..stuga.exe
1301  dskc:5_30..stuga.hlp
1302  dskc:5_30..animal.exe
1303  dskc:5_30..access.dag
1304  dskc:5_30..access.bak
1305  dskc:5_30..access.nat
1306  dskc:5_30..access.usr
1307  dskc:5_30..otello.exe
1308  dskc:5_30..alma.dat
1309  dskc:5_7..glxmac.mac
1310  dskc:5_7..wldint.mac
1311  dskc:5_7..wldmac.mac
1312  dskc:5_7..wldpar.mac
1313  dskc:5_7..wldscn.mac
1314  dskc:5_7..uuosym.mac
1315  dskc:5_7..macsym.mac
1316  dskc:5_7..helper.mac
1317  dskc:457_300..pantfo.dat
1318  dskc:457_300..lagenh.dat
1319  dskc:457_300..person.dat
1320  dskc:457_300..ager.dat
1321  dskc:457_300..boende.dat
1322  dskc:457_300..dlvisa.mic
1323  dskc:457_300..simdbm.sim
1324  dskc:457_300..simdbm.atr
1325  dskc:457_300..simdbm.rel
1326  dskc:457_300..dbmset.sim
1327  dskc:457_300..dbmset.qtr
1328  dskc:457_300..dbmset.rel
1329  dskc:457_300..dbmset.atr
1330  dskc:457_300..dbxor.mac
1331  dskc:457_300..dbxor.rel
1332  dskc:457_300..dbxor.atr
1333  dskc:457_300..sgxor.mac
1334  dskc:457_300..sgxor.rel
1335  dskc:457_300..sgxor.atr
1336  dskc:457_300..switch.ini
1337  dskc:457_300..astest.rel
1338  dskc:457_300..deldb.mic
1339  dskc:457_300..assim.atr
1340  dskc:457_300..assim.rel
1341  dskc:457_300..liter.rel
1342  dskc:457_300..litfil.sim
1343  dskc:457_300..liter.sim
1344  dskc:457_300..litfil.rel
1345  dskc:457_300..litini.dat
1346  dskc:457_300..liter.l00
1347  dskc:457_300..litfil.res
1348  dskc:457_300..litfil.re2
1349  dskc:457_300..littst.log
1350  dskc:457_300..liter.mic
1351  dskc:457_300..litfil.re3
1352  dskc:457_300..assim.sim
1353  dskc:457_300..print.pas
1354  dskc:457_300..dl.bak
1355  dskc:457_300..fillin.xxx
1356  dskc:457_300..starta.bak
1357  dskc:457_300..cantor.exe
1358  dskc:457_300..457.bak
1359  dskc:457_300..dl.mic
1360  dskc:457_300..starta.mic
1361  dskc:457_300..457.msg
1362  dskc:110_722..hej.txt
1363  dskc:101_140..switch.ini
1364  dskc:601_6612..load.mic
1365  dskc:601_6612..hk.dat
1366  dskc:601_6612..pim.dat
1367  dskc:601_6612..job.for
1368  dskc:601_6612..load1.mic
1369  dskc:601_6612..fix.dat
1370  dskc:601_6612..des.dat
1371  dskc:601_6612..aa74.for
1372  dskc:601_6612..term1.pas
1373  dskc:601_6612..term3.pas
1374  dskc:601_6612..term2.pas
1375  dskc:601_6612..term4.pas
1376  dskc:601_6612..term5.pas
1377  dskc:601_6612..term6.pas
1378  dskc:110_667..dum.for
1379  dskc:110_667..ttyin.mac
1380  dskc:110_667..gethat.pas
1381  dskc:110_667..foo.pas
1382  dskc:110_667..urdum.for
1383  dskc:110_667..start.dat
1384  dskc:110_667..pth.ccl
1385  dskc:110_667..switch.ini
1386  dskc:110_667..dcl.ccl
1387  dskc:206_300..smal.exe
1388  dskc:206_300..prim2.exe
1389  dskc:206_300..mat.for
1390  dskc:206_300..lab1.dat
1391  dskc:206_300..logg.dat
1392  dskc:206_300..print.dat
1393  dskc:206_300..olddat.dat
1394  dskc:206_300..ctrl.dat
1395  dskc:206_300..hej.bak
1396  dskc:206_300..hej.sim
1397  dskc:206_300..hej.rel
1398  dskc:206_300..mat.rel
1399  dskc:206_300..eps.sim
1400  dskc:206_300..lab1.sim
1401  dskc:206_300..lab2.for
1402  dskc:206_660..raff.dat
1403  dskc:206_660..mps2.dat
1404  dskc:206_660..bland.dat
1405  dskc:206_660..amis.dec
1406  dskc:206_660..svafix.mic
1407  dskc:206_660..trav.for
1408  dskc:206_660..trav.rel
1409  dskc:206_660..reltid.for
1410  dskc:206_660..settid.for
1411  dskc:206_660..move.fel
1412  dskc:206_660..lpmain.rel
1413  dskc:206_660..test.rel
1414  dskc:206_660..test2.rel
1415  dskc:206_660..hejsan.dat
1416  dskc:206_660..machin.bak
1417  dskc:206_660..machin.rel
1418  dskc:206_660..initil.for
1419  dskc:206_660..initil.rel
1420  dskc:206_660..free.for
1421  dskc:206_660..free.rel
1422  dskc:206_660..cntrl.for
1423  dskc:206_660..cntrl.rel
1424  dskc:206_660..check.for
1425  dskc:206_660..check.rel
1426  dskc:206_660..input.rel
1427  dskc:206_660..utskri.for
1428  dskc:206_660..utskri.rel
1429  dskc:206_660..out.for
1430  dskc:206_660..out.rel
1431  dskc:206_660..funkt.for
1432  dskc:206_660..funkt.rel
1433  dskc:206_660..prim2.for
1434  dskc:206_660..prim2.rel
1435  dskc:206_660..datget.for
1436  dskc:206_660..datget.rel
1437  dskc:206_660..prodgh.for
1438  dskc:206_660..prodgh.rel
1439  dskc:206_660..dummy.for
1440  dskc:206_660..dummy.rel
1441  dskc:206_660..machin.for
1442  dskc:206_660..la1utl.dat
1443  dskc:206_660..analys.for
1444  dskc:206_660..analys.rel
1445  dskc:206_660..svante.bak
1446  dskc:206_660..move.rel
1447  dskc:206_660..xx.
1448  dskc:206_660..anprin.dat
1449  dskc:206_660..fel.dat
1450  dskc:206_660..sk.for
1451  dskc:206_660..sk.rel
1452  dskc:206_660..smal.exe
1453  dskc:206_660..la1uta.dat
1454  dskc:206_660..la1uts.dat
1455  dskc:206_660..move.for
1456  dskc:206_660..prim2.exe
1457  dskc:206_660..ctrlol.dat
1458  dskc:206_660..y.
1459  dskc:206_660..yy.
1460  dskc:206_660..test.exe
1461  dskc:206_660..test.for
1462  dskc:206_660..lpmain.for
1463  dskc:206_660..input.for
1464  dskc:206_660..zz.
1465  dskc:206_660..test2.for
1466  dskc:206_660..test2.exe
1467  dskc:206_660..sepreg.
1468  dskc:206_660..mplab.dat
1469  dskc:206_660..labinf.bak
1470  dskc:206_660..labinf.txt
1471  dskc:206_660..mat.bak
1472  dskc:206_660..mat.rel
1473  dskc:206_660..mat.sim
1474  dskc:206_660..photo.log
1475  dskc:206_660..foto.log
1476  dskc:206_660..animal.dat
1477  dskc:206_660..a.
1478  dskc:206_660..ctrlol.adt
1479  dskc:206_660..lab2in.bak
1480  dskc:206_660..lab1.dat
1481  dskc:206_660..torp.dat
1482  dskc:206_660..logg.dat
1483  dskc:206_660..oldskr.dat
1484  dskc:206_660..anskri.dat
1485  dskc:206_660..lab2.dat
1486  dskc:206_660..ctrl.bak
1487  dskc:206_660..print.dat
1488  dskc:206_660..ctrl.dat
1489  dskc:206_660..skriv.dat
1490  dskc:206_660..indata.dat
1491  dskc:206_660..indata.bak
1492  dskc:206_660..af22.for
1493  dskc:206_660..af21.for
1494  dskc:206_660..lab1.sim
1495  dskc:206_660..lab2.for
1496  dskc:206_660..af1.sim
1497  dskc:206_660..af3.for
1498  dskc:5_65..demos.rel
1499  dskc:5_65..demos.atr
1500  dskc:110_611..vidare.ses
1501  dskc:110_611..nyfil.txt
1502  dskc:110_611..login.bak
1503  dskc:110_611..login.ses
1504  dskc:110_611..s.ses
1505  dskc:110_611..trasig.txt
1506  dskc:110_611..tercon.sim
1507  dskc:110_611..test.pas
1508  dskc:110_611..switch.ini
1509  dskc:110_611..parex1.pas
1510  dskc:110_611..parex2.pas
1511  dskc:110_611..parex3.pas
1512  dskc:110_611..parex4.pas
1513  dskc:110_611..parex5.pas
1514  dskc:110_611..parex6.pas
1515  dskc:110_611..parex7.pas
1516  dskc:110_611..parex8.pas
1517  dskc:110_611..screen.pas
1518  dskc:110_611..gotoxy.rel
1519  dskc:110_611..gotoxy.pas
1520  dskc:110_611..gootox.pas
1521  dskc:110_611..animal.dat
1522  dskc:110_611..stava.srt
1523  dskc:231_300..switch.ini
1524  dskc:231_300..kalles.srt
1525  dskc:231_300..3m.bas
1526  dskc:231_300..g30enk.d1
1527  dskc:231_300..fgraf.pas
1528  dskc:231_300..ftab.pas
1529  dskc:231_300..inthlv.pas
1530  dskc:231_300..sekant.pas
1531  dskc:231_300..nerap.pas
1532  dskc:231_300..dirit.pas
1533  dskc:231_300..pgraf.pas
1534  dskc:231_300..pnerap.pas
1535  dskc:231_300..024ami.tmp
1536  dskc:231_300..frode.pas
1537  dskc:231_300..balke.pas
1538  dskc:231_300..test.pas
1539  dskc:231_300..018ami.tmp
1540  dskc:231_300..020ami.tmp
1541  dskc:110_704..ptycon.log
1542  dskc:110_704..exempe.rnd
1543  dskc:110_704..exempe.bak
1544  dskc:110_704..utskri.rnd
1545  dskc:110_704..utskri.seq
1546  dskc:110_704..exempe.seq
1547  dskc:453_300..mkv.sim
1548  dskc:453_300..spl.sim
1549  dskc:110_674..linamn.txt
1550  dskc:110_674..switch.bak
1551  dskc:110_674..switch.ini
1552  dskc:304_300..egen.sim
1553  dskc:304_300..k8ex6.sim
1554  dskc:304_300..rymd1.dat
1555  dskc:304_300..rymd2.dat
1556  dskc:304_300..k8ov9b.sim
1557  dskc:304_300..svfakt.sim
1558  dskc:304_300..k8ex6a.sim
1559  dskc:304_300..k4qr.sim
1560  dskc:304_300..k4svd.sim
1561  dskc:304_300..fmode4.sim
1562  dskc:304_300..jacob4.sim
1563  dskc:304_300..qrkap3.sim
1564  dskc:304_300..fmode1.sim
1565  dskc:304_300..jacob1.sim
1566  dskc:304_300..k4ov6.sim
1567  dskc:304_300..linsys.m
1568  dskc:304_300..kndsys.m
1569  dskc:304_300..vikter.m
1570  dskc:304_300..absorp.m
1571  dskc:304_300..vktvkt.m
1572  dskc:304_300..vkt.m
1573  dskc:304_300..ekrar.m
1574  dskc:304_300..minkvd.m
1575  dskc:304_300..balkbj.m
1576  dskc:304_300..k4ov1.m
1577  dskc:304_300..diffp.pas
1578  dskc:304_300..diffs.sim
1579  dskc:304_300..diffa.m
1580  dskc:601_6610..jontes.
1581  dskc:501_5501..jan.h
1582  dskc:601_6624..hela71.vdr
1583  dskc:601_6624..test71.pas
1584  dskc:101_115..egen.sim
1585  dskc:101_115..diff1.dat
1586  dskc:101_115..diff2.dat
1587  dskc:101_115..mlab.log
1588  dskc:101_115..switch.ini
1589  dskc:101_115..dcl.ccl
1590  dskc:401_300..medel3.bas
1591  dskc:401_300..prov.bas
1592  dskc:401_300..adolf.bas
1593  dskc:401_300..riesel.lib
1594  dskc:101_305..switch.ini
1595  dskc:101_305..stuga.txt
1596  dskc:101_305..access.usr
1597  dskc:601_6626..delete.fin
1598  dskc:601_6626..delete.qe
1599  dskc:601_6626..delete.me
1600  dskc:110_300..sommar.bak
1601  dskc:110_300..sommar.txt
1602  dskc:5_53..access.usr
1603  dskc:5_53..kom.exe
1604  dskc:110_725..projv2.sim
1605  dskc:110_725..switch.ini
1606  dskc:110_725..dcl.ccl
1607  dskc:110_725..n0lle.pas
1608  dskc:110_725..n0lle.par
1609  dskc:110_725..simcmd.mac
1610  dskc:110_725..farrap.tex
1611  dskc:110_725..mici.bak
1612  dskc:110_725..mici.mic
1613  dskc:101_176..dcl.ccl
1614  dskc:101_176..switch.ini
1615  dskc:101_176..pth.ccl
1616  dskc:101_176..ptest.dat
1617  dskc:101_176..test51.dat
1618  dskc:101_176..test51.pas
1619  dskc:101_176..test5.dat
1620  dskc:101_176..test5.pas
1621  dskc:101_176..heronb.pas
1622  dskc:101_176..decima.pas
1623  dskc:101_176..ra289.pas
1624  dskc:101_176..skriv.mic
1625  dskc:101_176..test.for
1626  dskc:101_176..test2.for
1627  dskc:101_176..606.pas
1628  dskc:101_176..602.pas
1629  dskc:101_176..605.pas
1630  dskc:101_176..604.pas
1631  dskc:101_176..ex201.for
1632  dskc:101_176..ex204.for
1633  dskc:101_176..ex202.for
1634  dskc:101_176..ex205.for
1635  dskc:101_176..ex215.for
1636  dskc:101_176..ex221.for
1637  dskc:101_176..ex207.for
1638  dskc:101_176..format.for
1639  dskc:101_176..ons.pas
1640  dskc:101_176..ropar.for
1641  dskc:101_176..rand.mac
1642  dskc:101_176..unif.mac
1643  dskc:101_176..lab5a.for
1644  dskc:101_176..lab5b.for
1645  dskc:101_176..namn.pas
1646  dskc:101_176..f3.for
1647  dskc:101_176..f4.pas
1648  dskc:101_176..ff4.pas
1649  dskc:101_176..te8ex.pas
1650  dskc:101_176..te8.pas
1651  dskc:101_176..f6.pas
1652  dskc:101_176..f4r.pas
1653  dskc:101_176..testfi.sim
1654  dskc:101_176..filtes.sim
1655  dskc:101_176..l27.aug
1656  dskc:101_176..tabell.txt
1657  dskc:101_176..ptest.pas
1658  dskc:101_176..e34.pas
1659  dskc:101_176..forel7.pas
1660  dskc:101_176..egende.pas
1661  dskc:101_176..pascal.ord
1662  dskc:101_176..lena.sim
1663  dskc:101_176..ledekl.sim
1664  dskc:101_176..ledekl.atr
1665  dskc:101_176..h2.pas
1666  dskc:101_176..lena.lst
1667  dskc:101_176..lena.exe
1668  dskc:101_176..snump.for
1669  dskc:101_176..pekare.pas
1670  dskc:101_176..vektor.pas
1671  dskc:101_176..test1.for
1672  dskc:101_176..tes2.for
1673  dskc:101_176..bignum.pas
1674  dskc:101_176..up6006.dat
1675  dskc:101_176..603.pas
1676  dskc:101_176..tenfun.pas
1677  dskc:101_176..ulla.for
1678  dskc:101_176..ranpas.mac
1679  dskc:101_176..unipas.mac
1680  dskc:101_176..flyg2.pas
1681  dskc:101_176..flygp.pas
1682  dskc:101_176..flyg1.pas
1683  dskc:101_176..ovn14.txt
1684  dskc:101_176..flyg.pas
1685  dskc:101_176..li.mic
1686  dskc:101_176..test.sim
1687  dskc:101_176..lager.d1
1688  dskc:101_176..tyd.sim
1689  dskc:101_176..direct.sim
1690  dskc:101_176..more.sim
1691  dskc:101_176..more.exe
1692  dskc:101_176..f9ex1.pas
1693  dskc:101_176..prim.pas
1694  dskc:101_176..flyg3.pas
1695  dskc:101_176..set606.pas
1696  dskc:101_176..list.mic
1697  dskc:101_176..telegr.
1698  dskc:101_176..pf63s.sim
1699  dskc:101_176..pf63mb.sim
1700  dskc:101_176..pf63m.sim
1701  dskc:101_176..detach.sim
1702  dskc:101_176..pf63md.sim
1703  dskc:10_633.kcc.includ..assert.h
1704  dskc:10_633.kcc.includ..c-env.h
1705  dskc:10_633.kcc.includ..cc.doc
1706  dskc:10_633.kcc.includ..ctype.h
1707  dskc:10_633.kcc.includ..errno.h
1708  dskc:10_633.kcc.includ..jsys.h
1709  dskc:10_633.kcc.includ..libc.rel
1710  dskc:10_633.kcc.includ..libckx.rel
1711  dskc:10_633.kcc.includ..math.h
1712  dskc:10_633.kcc.includ..netdb.h
1713  dskc:10_633.kcc.includ..printf.h
1714  dskc:10_633.kcc.includ..regex.h
1715  dskc:10_633.kcc.includ..setjmp.h
1716  dskc:10_633.kcc.includ..signal.h
1717  dskc:10_633.kcc.includ..stddef.h
1718  dskc:10_633.kcc.includ..stdio.h
1719  dskc:10_633.kcc.includ..stdlib.h
1720  dskc:10_633.kcc.includ..string.h
1721  dskc:10_633.kcc.includ..strung.h
1722  dskc:10_633.kcc.includ..sysits.h
1723  dskc:10_633.kcc.includ..time.h
1724  dskc:10_633.kcc.includ..urtsud.h
1725  dskc:10_633.kcc.includ..vararg.h
1726  dskc:10_633.kcc.includ..file.h
1727  dskc:10_633.kcc.includ..macsym.h
1728  dskc:10_633.kcc.includ..monsym.h
1729  dskc:10_633.kcc.includ..stat.h
1730  dskc:10_633.kcc.includ..timeb.h
1731  dskc:10_633.kcc.includ..types.h
1732  dskc:10_633.kcc.includ..uio.h
1733  dskc:10_633.kcc.kcc..-read-.-th
1734  dskc:10_633.kcc.kcc..c-env.h
1735  dskc:10_633.kcc.kcc..cc.c
1736  dskc:10_633.kcc.kcc..cc.exe
1737  dskc:10_633.kcc.kcc..cc.h
1738  dskc:10_633.kcc.kcc..cc.log
1739  dskc:10_633.kcc.kcc..cc.mic
1740  dskc:10_633.kcc.kcc..cc.rel
1741  dskc:10_633.kcc.kcc..ccasmb.c
1742  dskc:10_633.kcc.kcc..ccasmb.rel
1743  dskc:10_633.kcc.kcc..ccchar.h
1744  dskc:10_633.kcc.kcc..cccode.c
1745  dskc:10_633.kcc.kcc..cccode.h
1746  dskc:10_633.kcc.kcc..cccode.rel
1747  dskc:10_633.kcc.kcc..cccreg.c
1748  dskc:10_633.kcc.kcc..cccreg.h
1749  dskc:10_633.kcc.kcc..cccreg.rel
1750  dskc:10_633.kcc.kcc..cccse.c
1751  dskc:10_633.kcc.kcc..cccse.rel
1752  dskc:10_633.kcc.kcc..ccdata.c
1753  dskc:10_633.kcc.kcc..ccdata.rel
1754  dskc:10_633.kcc.kcc..ccdecl.c
1755  dskc:10_633.kcc.kcc..ccdecl.rel
1756  dskc:10_633.kcc.kcc..ccdump.c
1757  dskc:10_633.kcc.kcc..ccdump.rel
1758  dskc:10_633.kcc.kcc..ccerr.c
1759  dskc:10_633.kcc.kcc..ccerr.h
1760  dskc:10_633.kcc.kcc..ccerr.rel
1761  dskc:10_633.kcc.kcc..cceval.c
1762  dskc:10_633.kcc.kcc..cceval.rel
1763  dskc:10_633.kcc.kcc..ccfold.c
1764  dskc:10_633.kcc.kcc..ccfold.rel
1765  dskc:10_633.kcc.kcc..ccgen.c
1766  dskc:10_633.kcc.kcc..ccgen.h
1767  dskc:10_633.kcc.kcc..ccgen.rel
1768  dskc:10_633.kcc.kcc..ccgen1.c
1769  dskc:10_633.kcc.kcc..ccgen1.rel
1770  dskc:10_633.kcc.kcc..ccgen2.c
1771  dskc:10_633.kcc.kcc..ccgen2.rel
1772  dskc:10_633.kcc.kcc..ccgswi.c
1773  dskc:10_633.kcc.kcc..ccgswi.rel
1774  dskc:10_633.kcc.kcc..ccinp.c
1775  dskc:10_633.kcc.kcc..ccinp.rel
1776  dskc:10_633.kcc.kcc..ccjskp.c
1777  dskc:10_633.kcc.kcc..ccjskp.rel
1778  dskc:10_633.kcc.kcc..cclab.c
1779  dskc:10_633.kcc.kcc..cclab.rel
1780  dskc:10_633.kcc.kcc..cclex.c
1781  dskc:10_633.kcc.kcc..cclex.h
1782  dskc:10_633.kcc.kcc..cclex.rel
1783  dskc:10_633.kcc.kcc..ccnode.h
1784  dskc:10_633.kcc.kcc..ccopt.c
1785  dskc:10_633.kcc.kcc..ccopt.rel
1786  dskc:10_633.kcc.kcc..ccout.c
1787  dskc:10_633.kcc.kcc..ccout.rel
1788  dskc:10_633.kcc.kcc..ccparm.h
1789  dskc:10_633.kcc.kcc..ccreg.c
1790  dskc:10_633.kcc.kcc..ccreg.h
1791  dskc:10_633.kcc.kcc..ccreg.rel
1792  dskc:10_633.kcc.kcc..ccsite.h
1793  dskc:10_633.kcc.kcc..ccstmt.c
1794  dskc:10_633.kcc.kcc..ccstmt.rel
1795  dskc:10_633.kcc.kcc..ccsym.c
1796  dskc:10_633.kcc.kcc..ccsym.h
1797  dskc:10_633.kcc.kcc..ccsym.rel
1798  dskc:10_633.kcc.kcc..cctoks.h
1799  dskc:10_633.kcc.kcc..cctype.c
1800  dskc:10_633.kcc.kcc..cctype.rel
1801  dskc:10_633.kcc.kcc..crtsym.doc
1802  dskc:10_633.kcc.kcc..intern.doc
1803  dskc:10_633.kcc.kcc..port.doc
1804  dskc:10_633.kcc.kcc..seqnce.doc
1805  dskc:10_633.kcc.kcc..typecv.doc
1806  dskc:10_633.kcc.kcc..user.doc
1807  dskc:10_633.kcc.kcc..read.thi
1808  dskc:10_633.kcc.lib.math..-make-.cmd
1809  dskc:10_633.kcc.lib.math..-read-.-th
1810  dskc:10_633.kcc.lib.math..abs.c
1811  dskc:10_633.kcc.lib.math..abs.rel
1812  dskc:10_633.kcc.lib.math..acos.c
1813  dskc:10_633.kcc.lib.math..acos.rel
1814  dskc:10_633.kcc.lib.math..asin.c
1815  dskc:10_633.kcc.lib.math..asin.rel
1816  dskc:10_633.kcc.lib.math..atan.c
1817  dskc:10_633.kcc.lib.math..atan.rel
1818  dskc:10_633.kcc.lib.math..atan2.c
1819  dskc:10_633.kcc.lib.math..atan2.rel
1820  dskc:10_633.kcc.lib.math..ceil.c
1821  dskc:10_633.kcc.lib.math..ceil.rel
1822  dskc:10_633.kcc.lib.math..cos.c
1823  dskc:10_633.kcc.lib.math..cos.rel
1824  dskc:10_633.kcc.lib.math..cosh.c
1825  dskc:10_633.kcc.lib.math..cosh.rel
1826  dskc:10_633.kcc.lib.math..exp.c
1827  dskc:10_633.kcc.lib.math..exp.rel
1828  dskc:10_633.kcc.lib.math..fabs.c
1829  dskc:10_633.kcc.lib.math..fabs.rel
1830  dskc:10_633.kcc.lib.math..floor.c
1831  dskc:10_633.kcc.lib.math..floor.rel
1832  dskc:10_633.kcc.lib.math..fmod.c
1833  dskc:10_633.kcc.lib.math..fmod.rel
1834  dskc:10_633.kcc.lib.math..frexp.c
1835  dskc:10_633.kcc.lib.math..frexp.rel
1836  dskc:10_633.kcc.lib.math..labs.c
1837  dskc:10_633.kcc.lib.math..labs.rel
1838  dskc:10_633.kcc.lib.math..ldexp.c
1839  dskc:10_633.kcc.lib.math..ldexp.rel
1840  dskc:10_633.kcc.lib.math..log.c
1841  dskc:10_633.kcc.lib.math..log.rel
1842  dskc:10_633.kcc.lib.math..log10.c
1843  dskc:10_633.kcc.lib.math..log10.rel
1844  dskc:10_633.kcc.lib.math..modf.c
1845  dskc:10_633.kcc.lib.math..modf.rel
1846  dskc:10_633.kcc.lib.math..mtest.c
1847  dskc:10_633.kcc.lib.math..poly.c
1848  dskc:10_633.kcc.lib.math..poly.rel
1849  dskc:10_633.kcc.lib.math..pow.c
1850  dskc:10_633.kcc.lib.math..pow.rel
1851  dskc:10_633.kcc.lib.math..rand.c
1852  dskc:10_633.kcc.lib.math..rand.rel
1853  dskc:10_633.kcc.lib.math..sign.c
1854  dskc:10_633.kcc.lib.math..sign.rel
1855  dskc:10_633.kcc.lib.math..sin.c
1856  dskc:10_633.kcc.lib.math..sin.rel
1857  dskc:10_633.kcc.lib.math..sinh.c
1858  dskc:10_633.kcc.lib.math..sinh.rel
1859  dskc:10_633.kcc.lib.math..sqrt.c
1860  dskc:10_633.kcc.lib.math..sqrt.rel
1861  dskc:10_633.kcc.lib.math..tan.c
1862  dskc:10_633.kcc.lib.math..tan.rel
1863  dskc:10_633.kcc.lib.math..tanh.c
1864  dskc:10_633.kcc.lib.math..tanh.rel
1865  dskc:10_633.kcc.lib.math..xexp.c
1866  dskc:10_633.kcc.lib.math..xexp.rel
1867  dskc:10_633.kcc.lib.math..xmant.c
1868  dskc:10_633.kcc.lib.math..xmant.rel
1869  dskc:10_633.kcc.lib.math..make.cmd
1870  dskc:10_633.kcc.lib.math..read.thi
1871  dskc:10_633.kcc.lib.networ..-make-.cmd
1872  dskc:10_633.kcc.lib.networ..gethst.c
1873  dskc:10_633.kcc.lib.networ..gethst.rel
1874  dskc:10_633.kcc.lib.networ..make.cmd
1875  dskc:10_633.kcc.lib.pml..read.me
1876  dskc:10_633.kcc.lib.pml..cctest.c
1877  dskc:10_633.kcc.lib.pml..compil.mic
1878  dskc:10_633.kcc.lib.pml..dacos.c
1879  dskc:10_633.kcc.lib.pml..dacosh.c
1880  dskc:10_633.kcc.lib.pml..dasin.c
1881  dskc:10_633.kcc.lib.pml..dasinh.c
1882  dskc:10_633.kcc.lib.pml..datan.c
1883  dskc:10_633.kcc.lib.pml..datan2.c
1884  dskc:10_633.kcc.lib.pml..datanh.c
1885  dskc:10_633.kcc.lib.pml..dcos.c
1886  dskc:10_633.kcc.lib.pml..dcosh.c
1887  dskc:10_633.kcc.lib.pml..dexp.c
1888  dskc:10_633.kcc.lib.pml..dln.c
1889  dskc:10_633.kcc.lib.pml..dlog.c
1890  dskc:10_633.kcc.lib.pml..dpoly.c
1891  dskc:10_633.kcc.lib.pml..dpower.c
1892  dskc:10_633.kcc.lib.pml..dscale.c
1893  dskc:10_633.kcc.lib.pml..dsign.c
1894  dskc:10_633.kcc.lib.pml..dsin.c
1895  dskc:10_633.kcc.lib.pml..dsinh.c
1896  dskc:10_633.kcc.lib.pml..dsqrt.c
1897  dskc:10_633.kcc.lib.pml..dtan.c
1898  dskc:10_633.kcc.lib.pml..dtanh.c
1899  dskc:10_633.kcc.lib.pml..dxexp.c
1900  dskc:10_633.kcc.lib.pml..dxmant.c
1901  dskc:10_633.kcc.lib.pml..ftest1.c
