  1  dskc:10_633.kcc.lib.pml..fteste.c
  2  dskc:10_633.kcc.lib.pml..pml.doc
  3  dskc:10_633.kcc.lib.pml..pml.h
  4  dskc:10_633.kcc.lib.pml..pml.mic
  5  dskc:10_633.kcc.lib.pml..pml.rno
  6  dskc:10_633.kcc.lib.pml..pmlerr.c
  7  dskc:10_633.kcc.lib.pml..pmluse.h
  8  dskc:10_633.kcc.lib.pml..test.c
  9  dskc:10_633.kcc.lib.pml..tln.c
 10  dskc:10_633.kcc.lib.pml..tp.c
 11  dskc:10_633.kcc.lib.stdio..-make-.cmd
 12  dskc:10_633.kcc.lib.stdio..-read-.-th
 13  dskc:10_633.kcc.lib.stdio..cleanu.c
 14  dskc:10_633.kcc.lib.stdio..cleanu.rel
 15  dskc:10_633.kcc.lib.stdio..fclose.c
 16  dskc:10_633.kcc.lib.stdio..fclose.rel
 17  dskc:10_633.kcc.lib.stdio..fdopen.c
 18  dskc:10_633.kcc.lib.stdio..fdopen.rel
 19  dskc:10_633.kcc.lib.stdio..fflush.c
 20  dskc:10_633.kcc.lib.stdio..fflush.rel
 21  dskc:10_633.kcc.lib.stdio..fgetc.c
 22  dskc:10_633.kcc.lib.stdio..fgetc.rel
 23  dskc:10_633.kcc.lib.stdio..fgets.c
 24  dskc:10_633.kcc.lib.stdio..fgets.rel
 25  dskc:10_633.kcc.lib.stdio..filbuf.c
 26  dskc:10_633.kcc.lib.stdio..filbuf.rel
 27  dskc:10_633.kcc.lib.stdio..fopen.c
 28  dskc:10_633.kcc.lib.stdio..fopen.rel
 29  dskc:10_633.kcc.lib.stdio..fputc.c
 30  dskc:10_633.kcc.lib.stdio..fputc.rel
 31  dskc:10_633.kcc.lib.stdio..fputs.c
 32  dskc:10_633.kcc.lib.stdio..fputs.rel
 33  dskc:10_633.kcc.lib.stdio..fread.c
 34  dskc:10_633.kcc.lib.stdio..fread.rel
 35  dskc:10_633.kcc.lib.stdio..freope.c
 36  dskc:10_633.kcc.lib.stdio..freope.rel
 37  dskc:10_633.kcc.lib.stdio..fseek.c
 38  dskc:10_633.kcc.lib.stdio..fseek.rel
 39  dskc:10_633.kcc.lib.stdio..ftell.c
 40  dskc:10_633.kcc.lib.stdio..ftell.rel
 41  dskc:10_633.kcc.lib.stdio..fwrite.c
 42  dskc:10_633.kcc.lib.stdio..fwrite.rel
 43  dskc:10_633.kcc.lib.stdio..gets.c
 44  dskc:10_633.kcc.lib.stdio..gets.rel
 45  dskc:10_633.kcc.lib.stdio..getw.c
 46  dskc:10_633.kcc.lib.stdio..getw.rel
 47  dskc:10_633.kcc.lib.stdio..printf.c
 48  dskc:10_633.kcc.lib.stdio..printf.rel
 49  dskc:10_633.kcc.lib.stdio..puts.c
 50  dskc:10_633.kcc.lib.stdio..puts.rel
 51  dskc:10_633.kcc.lib.stdio..putw.c
 52  dskc:10_633.kcc.lib.stdio..putw.rel
 53  dskc:10_633.kcc.lib.stdio..rewind.c
 54  dskc:10_633.kcc.lib.stdio..rewind.rel
 55  dskc:10_633.kcc.lib.stdio..scanf.c
 56  dskc:10_633.kcc.lib.stdio..scanf.rel
 57  dskc:10_633.kcc.lib.stdio..setbuf.c
 58  dskc:10_633.kcc.lib.stdio..setbuf.rel
 59  dskc:10_633.kcc.lib.stdio..sopen.c
 60  dskc:10_633.kcc.lib.stdio..sopen.rel
 61  dskc:10_633.kcc.lib.stdio..stdio.dir
 62  dskc:10_633.kcc.lib.stdio..test.c
 63  dskc:10_633.kcc.lib.stdio..ungetc.c
 64  dskc:10_633.kcc.lib.stdio..ungetc.rel
 65  dskc:10_633.kcc.lib.stdio..make.cmd
 66  dskc:10_633.kcc.lib.stdio..read.thi
 67  dskc:10_633.kcc.lib.test..bcheck.c
 68  dskc:10_633.kcc.lib.test..bcheck.exa
 69  dskc:10_633.kcc.lib.test..bcheck.exe
 70  dskc:10_633.kcc.lib.test..ctest.c
 71  dskc:10_633.kcc.lib.test..ctest.exe
 72  dskc:10_633.kcc.lib.test..f.c
 73  dskc:10_633.kcc.lib.test..f.exe
 74  dskc:10_633.kcc.lib.test..hello.c
 75  dskc:10_633.kcc.lib.test..hello.exe
 76  dskc:10_633.kcc.lib.test..hello.out
 77  dskc:10_633.kcc.lib.test..host.exe
 78  dskc:10_633.kcc.lib.test..malloc.c
 79  dskc:10_633.kcc.lib.test..math-t.c
 80  dskc:10_633.kcc.lib.test..math-t.out
 81  dskc:10_633.kcc.lib.test..passon.c
 82  dskc:10_633.kcc.lib.test..passon.exe
 83  dskc:10_633.kcc.lib.test..prftst.c
 84  dskc:10_633.kcc.lib.test..prftst.exe
 85  dskc:10_633.kcc.lib.test..prftst.out
 86  dskc:10_633.kcc.lib.test..q.c
 87  dskc:10_633.kcc.lib.test..q.exe
 88  dskc:10_633.kcc.lib.test..q1.c
 89  dskc:10_633.kcc.lib.test..q1.exe
 90  dskc:10_633.kcc.lib.test..rotate.exe
 91  dskc:10_633.kcc.lib.test..shoarg.c
 92  dskc:10_633.kcc.lib.test..shoarg.exe
 93  dskc:10_633.kcc.lib.test..stest.c
 94  dskc:10_633.kcc.lib.test..stest.exe
 95  dskc:10_633.kcc.lib.test..t0.c
 96  dskc:10_633.kcc.lib.test..t0.exe
 97  dskc:10_633.kcc.lib.test..t1.c
 98  dskc:10_633.kcc.lib.test..t3.c
 99  dskc:10_633.kcc.lib.test..test.c
100  dskc:10_633.kcc.lib.test..test.exe
101  dskc:10_633.kcc.lib.test..test.out
102  dskc:10_633.kcc.lib.test..test-f.c
103  dskc:10_633.kcc.lib.test..test-n.c
104  dskc:10_633.kcc.lib.test..testio.c
105  dskc:10_633.kcc.lib.test..testio.exe
106  dskc:10_633.kcc.lib.test..testio.mic
107  dskc:10_633.kcc.lib.test..tm.c
108  dskc:10_633.kcc.lib.test..tm.exe
109  dskc:10_633.kcc.lib.test..tm1.c
110  dskc:10_633.kcc.lib.test..tstbuf.c
111  dskc:10_633.kcc.lib.test..tstbuf.exe
112  dskc:10_633.kcc.lib.test..tstsys.c
113  dskc:10_633.kcc.lib.test..tstsys.exe
114  dskc:10_633.kcc.lib.usys..make.cmd
115  dskc:10_633.kcc.lib.usys..read.thi
116  dskc:10_633.kcc.lib.usys..access.c
117  dskc:10_633.kcc.lib.usys..access.rel
118  dskc:10_633.kcc.lib.usys..bufpos.c
119  dskc:10_633.kcc.lib.usys..bufpos.rel
120  dskc:10_633.kcc.lib.usys..close.c
121  dskc:10_633.kcc.lib.usys..close.rel
122  dskc:10_633.kcc.lib.usys..dup.c
123  dskc:10_633.kcc.lib.usys..dup.rel
124  dskc:10_633.kcc.lib.usys..fork.c
125  dskc:10_633.kcc.lib.usys..fork.rel
126  dskc:10_633.kcc.lib.usys..getpid.c
127  dskc:10_633.kcc.lib.usys..getpid.rel
128  dskc:10_633.kcc.lib.usys..gettim.c
129  dskc:10_633.kcc.lib.usys..gettim.rel
130  dskc:10_633.kcc.lib.usys..ioctl.c
131  dskc:10_633.kcc.lib.usys..lseek.c
132  dskc:10_633.kcc.lib.usys..lseek.rel
133  dskc:10_633.kcc.lib.usys..open.c
134  dskc:10_633.kcc.lib.usys..open.rel
135  dskc:10_633.kcc.lib.usys..pipe.c
136  dskc:10_633.kcc.lib.usys..pipe.rel
137  dskc:10_633.kcc.lib.usys..read.c
138  dskc:10_633.kcc.lib.usys..read.rel
139  dskc:10_633.kcc.lib.usys..rename.c
140  dskc:10_633.kcc.lib.usys..rename.rel
141  dskc:10_633.kcc.lib.usys..sbrk.c
142  dskc:10_633.kcc.lib.usys..sbrk.rel
143  dskc:10_633.kcc.lib.usys..signal.c
144  dskc:10_633.kcc.lib.usys..signal.rel
145  dskc:10_633.kcc.lib.usys..sleep.c
146  dskc:10_633.kcc.lib.usys..sleep.rel
147  dskc:10_633.kcc.lib.usys..stat.c
148  dskc:10_633.kcc.lib.usys..stat.rel
149  dskc:10_633.kcc.lib.usys..time.c
150  dskc:10_633.kcc.lib.usys..time.rel
151  dskc:10_633.kcc.lib.usys..unlink.c
152  dskc:10_633.kcc.lib.usys..unlink.rel
153  dskc:10_633.kcc.lib.usys..urt.c
154  dskc:10_633.kcc.lib.usys..urt.rel
155  dskc:10_633.kcc.lib.usys..urtsud.c
156  dskc:10_633.kcc.lib.usys..urtsud.rel
157  dskc:10_633.kcc.lib.usys..wait.c
158  dskc:10_633.kcc.lib.usys..wait.rel
159  dskc:10_633.kcc.lib.usys..write.c
160  dskc:10_633.kcc.lib.usys..write.rel
161  dskc:10_633.kcc.lib..-dirs-.cmd
162  dskc:10_633.kcc.lib..-make-.cmd
163  dskc:10_633.kcc.lib..-read-.-th
164  dskc:10_633.kcc.lib..abort.c
165  dskc:10_633.kcc.lib..abort.rel
166  dskc:10_633.kcc.lib..atoi.c
167  dskc:10_633.kcc.lib..atoi.rel
168  dskc:10_633.kcc.lib..cpu.c
169  dskc:10_633.kcc.lib..cpu.rel
170  dskc:10_633.kcc.lib..cputm.c
171  dskc:10_633.kcc.lib..cputm.rel
172  dskc:10_633.kcc.lib..crt.c
173  dskc:10_633.kcc.lib..crt.rel
174  dskc:10_633.kcc.lib..ctype.c
175  dskc:10_633.kcc.lib..ctype.rel
176  dskc:10_633.kcc.lib..getenv.c
177  dskc:10_633.kcc.lib..getenv.rel
178  dskc:10_633.kcc.lib..getopt.c
179  dskc:10_633.kcc.lib..jsys.c
180  dskc:10_633.kcc.lib..jsys.rel
181  dskc:10_633.kcc.lib..libc.cmd
182  dskc:10_633.kcc.lib..libc.ctl
183  dskc:10_633.kcc.lib..libc.doc
184  dskc:10_633.kcc.lib..libc.log
185  dskc:10_633.kcc.lib..libc.mak
186  dskc:10_633.kcc.lib..libc.mic
187  dskc:10_633.kcc.lib..libc.poi
188  dskc:10_633.kcc.lib..libc.rel
189  dskc:10_633.kcc.lib..libckx.c
190  dskc:10_633.kcc.lib..libckx.rel
191  dskc:10_633.kcc.lib..maklib.cmd
192  dskc:10_633.kcc.lib..malloc.c
193  dskc:10_633.kcc.lib..malloc.rel
194  dskc:10_633.kcc.lib..dirs.cmd
195  dskc:10_633.kcc.lib..make.cmd
196  dskc:10_633.kcc.lib..read.thi
197  dskc:10_633.kcc.lib..memstr.c
198  dskc:10_633.kcc.lib..memstr.rel
199  dskc:10_633.kcc.lib..mktemp.c
200  dskc:10_633.kcc.lib..mktemp.rel
201  dskc:10_633.kcc.lib..muuo.c
202  dskc:10_633.kcc.lib..perror.c
203  dskc:10_633.kcc.lib..perror.rel
204  dskc:10_633.kcc.lib..pfork.c
205  dskc:10_633.kcc.lib..pfork.rel
206  dskc:10_633.kcc.lib..qsort.c
207  dskc:10_633.kcc.lib..qsort.rel
208  dskc:10_633.kcc.lib..regex.c
209  dskc:10_633.kcc.lib..setjmp.c
210  dskc:10_633.kcc.lib..setjmp.rel
211  dskc:10_633.kcc.lib..string.c
212  dskc:10_633.kcc.lib..string.rel
213  dskc:10_633.kcc.lib..strung.c
214  dskc:10_633.kcc.lib..strung.rel
215  dskc:10_633.kcc.lib..syscal.c
216  dskc:10_633.kcc.lib..system.c
217  dskc:10_633.kcc.lib..system.rel
218  dskc:10_633.kcc..agree.txt
219  dskc:10_633.kcc..cc.exe
220  dskc:10_633.kcc.fail..fail.exe
221  dskc:10_633.kcc.fail..fail.fai
222  dskc:10_633.kcc.fail..fail.man
223  dskc:10_633.tenex..134.bug
224  dskc:10_633.tenex..134.doc
225  dskc:10_633.tenex..134-me.txt
226  dskc:10_633.tenex..acctjs.mac
227  dskc:10_633.tenex..asscl.cmd
228  dskc:10_633.tenex..datime.mac
229  dskc:10_633.tenex..dectap.mac
230  dskc:10_633.tenex..device.mac
231  dskc:10_633.tenex..devjs.mac
232  dskc:10_633.tenex..direct.mac
233  dskc:10_633.tenex..disc.mac
234  dskc:10_633.tenex..drmddc.mac
235  dskc:10_633.tenex..dsk.mac
236  dskc:10_633.tenex..dskpak.mac
237  dskc:10_633.tenex..eddt.10x
238  dskc:10_633.tenex..errmes.mac
239  dskc:10_633.tenex..filejs.mac
240  dskc:10_633.tenex..filini.mac
241  dskc:10_633.tenex..filtty.mac
242  dskc:10_633.tenex..forks.mac
243  dskc:10_633.tenex..free.mac
244  dskc:10_633.tenex..futili.mac
245  dskc:10_633.tenex..gtjfn.mac
246  dskc:10_633.tenex..hosts.mac
247  dskc:10_633.tenex..impdv.mac
248  dskc:10_633.tenex..io.mac
249  dskc:10_633.tenex..jobini.mac
250  dskc:10_633.tenex..jobzro.mac
251  dskc:10_633.tenex..ldinit.mac
252  dskc:10_633.tenex..linepr.mac
253  dskc:10_633.tenex..lod10x.run
254  dskc:10_633.tenex..log2js.mac
255  dskc:10_633.tenex..logjs.mac
256  dskc:10_633.tenex..lookup.mac
257  dskc:10_633.tenex..magtap.mac
258  dskc:10_633.tenex..mflin.mac
259  dskc:10_633.tenex..mflout.mac
260  dskc:10_633.tenex..monjs.mac
261  dskc:10_633.tenex..mr.mac
262  dskc:10_633.tenex..netwrk.mac
263  dskc:10_633.tenex..nil.mac
264  dskc:10_633.tenex..pagem.mac
265  dskc:10_633.tenex..params.mac
266  dskc:10_633.tenex..patche.gri
267  dskc:10_633.tenex..pisrv.mac
268  dskc:10_633.tenex..plotte.mac
269  dskc:10_633.tenex..postld.mac
270  dskc:10_633.tenex..prolog.mac
271  dskc:10_633.tenex..ptp.mac
272  dskc:10_633.tenex..ptr.mac
273  dskc:10_633.tenex..pup.mac
274  dskc:10_633.tenex..pupnm.mac
275  dskc:10_633.tenex..pupnm2.mac
276  dskc:10_633.tenex..sched.mac
277  dskc:10_633.tenex..signal.mac
278  dskc:10_633.tenex..ssasrv.mac
279  dskc:10_633.tenex..stenex.mac
280  dskc:10_633.tenex..storag.mac
281  dskc:10_633.tenex..string.mac
282  dskc:10_633.tenex..sysini.mac
283  dskc:10_633.tenex..sysnam.mac
284  dskc:10_633.tenex..tendmp.10x
285  dskc:10_633.tenex..tenex.cha
286  dskc:10_633.tenex..tenex.sav
287  dskc:10_633.tenex..tntdmy.mac
288  dskc:10_633.tenex..ttysrv.mac
289  dskc:10_633.tenex..versio.mac
290  dskc:10_633.exec..exec.sav
291  dskc:10_633.exec..x1cmd.mac
292  dskc:10_633.exec..x2cmd.mac
293  dskc:10_633.exec..x3cmd.mac
294  dskc:10_633.exec..x4cmd.mac
295  dskc:10_633.exec..x5cmd.mac
296  dskc:10_633.exec..xdef.mac
297  dskc:10_633.exec..xmain.mac
298  dskc:10_633.exec..xpriv.mac
299  dskc:10_633.exec..xsubrs.mac
300  dskc:10_633.mmm.binary..armail.rel
301  dskc:10_633.mmm.binary..blankt.rel
302  dskc:10_633.mmm.binary..cafard.exe
303  dskc:10_633.mmm.binary..cafard.rel
304  dskc:10_633.mmm.binary..cafdtr.rel
305  dskc:10_633.mmm.binary..cafpro.rel
306  dskc:10_633.mmm.binary..fscopy.rel
307  dskc:10_633.mmm.binary..gripe.exe
308  dskc:10_633.mmm.binary..gripe.rel
309  dskc:10_633.mmm.binary..hstnam.rel
310  dskc:10_633.mmm.binary..hsttst.exe
311  dskc:10_633.mmm.binary..hsttst.rel
312  dskc:10_633.mmm.binary..jobdat.unv
313  dskc:10_633.mmm.binary..macrel.rel
314  dskc:10_633.mmm.binary..macsym.unv
315  dskc:10_633.mmm.binary..mailst.exe
316  dskc:10_633.mmm.binary..mailst.rel
317  dskc:10_633.mmm.binary..maiser.exe
318  dskc:10_633.mmm.binary..maiser.rel
319  dskc:10_633.mmm.binary..mlist.exe
320  dskc:10_633.mmm.binary..mlist.rel
321  dskc:10_633.mmm.binary..mm.exe
322  dskc:10_633.mmm.binary..mm.rel
323  dskc:10_633.mmm.binary..mm-mai.:ej
324  dskc:10_633.mmm.binary..mmail.:ej
325  dskc:10_633.mmm.binary..mmailb.exe
326  dskc:10_633.mmm.binary..mmailr.exe
327  dskc:10_633.mmm.binary..mmailr.rel
328  dskc:10_633.mmm.binary..mmhelp.rel
329  dskc:10_633.mmm.binary..mmlbx.rel
330  dskc:10_633.mmm.binary..mmstat.exe
331  dskc:10_633.mmm.binary..mmstat.rel
332  dskc:10_633.mmm.binary..mmuuo.rel
333  dskc:10_633.mmm.binary..monsym.unv
334  dskc:10_633.mmm.binary..mstat.exe
335  dskc:10_633.mmm.binary..mstat.rel
336  dskc:10_633.mmm.binary..qdmail.exe
337  dskc:10_633.mmm.binary..qdmail.rel
338  dskc:10_633.mmm.binary..relay.rel
339  dskc:10_633.mmm.binary..reply.exe
340  dskc:10_633.mmm.binary..reply.rel
341  dskc:10_633.mmm.binary..send.exe
342  dskc:10_633.mmm.binary..send.rel
343  dskc:10_633.mmm.binary..smtdcn.exe
344  dskc:10_633.mmm.binary..smtdcn.rel
345  dskc:10_633.mmm.binary..smtjfn.exe
346  dskc:10_633.mmm.binary..smtjfn.rel
347  dskc:10_633.mmm.binary..snddef.unv
348  dskc:10_633.mmm.binary..sndmsg.rel
349  dskc:10_633.mmm.binary..sndsrv.exe
350  dskc:10_633.mmm.binary..sndsrv.rel
351  dskc:10_633.mmm.binary..sndsta.exe
352  dskc:10_633.mmm.binary..sndsta.rel
353  dskc:10_633.mmm.binary..vmail.exe
354  dskc:10_633.mmm.binary..vmail.rel
355  dskc:10_633.mmm.binary..wakeup.rel
356  dskc:10_633.mmm.binary..what.exe
357  dskc:10_633.mmm.binary..what.rel
358  dskc:10_633.mmm.binary..spell.exe
359  dskc:10_633.mmm.doc..blankt.pan
360  dskc:10_633.mmm.doc..blankt.su
361  dskc:10_633.mmm.doc..blankt.vts
362  dskc:10_633.mmm.doc..cafard.doc
363  dskc:10_633.mmm.doc..close-.txt
364  dskc:10_633.mmm.doc..host-n.txt
365  dskc:10_633.mmm.doc..indire.txt
366  dskc:10_633.mmm.doc..instal.gui
367  dskc:10_633.mmm.doc..lcg-so.txt
368  dskc:10_633.mmm.doc..letter.mss
369  dskc:10_633.mmm.doc..mm.doc
370  dskc:10_633.mmm.doc..mm.hlp
371  dskc:10_633.mmm.doc..mm.int
372  dskc:10_633.mmm.doc..mm.mhl
373  dskc:10_633.mmm.doc..mm.mss
374  dskc:10_633.mmm.doc..mm.pri
375  dskc:10_633.mmm.doc..mm.ref
376  dskc:10_633.mmm.doc..mm-adv.rnd
377  dskc:10_633.mmm.doc..mm-bas.rnd
378  dskc:10_633.mmm.doc..mm-mai.hlp
379  dskc:10_633.mmm.doc..mm-sen.mac
380  dskc:10_633.mmm.doc..new-bb.doc
381  dskc:10_633.mmm.doc..open-d.txt
382  dskc:10_633.mmm.doc..queued.txt
383  dskc:10_633.mmm.doc..rfc821.txt
384  dskc:10_633.mmm.doc..rfc822.txt
385  dskc:10_633.mmm.doc..rfc881.txt
386  dskc:10_633.mmm.doc..rfc882.txt
387  dskc:10_633.mmm.doc..rfc883.txt
388  dskc:10_633.mmm.doc..rfc897.txt
389  dskc:10_633.mmm.doc..smtpsv.mac
390  dskc:10_633.mmm.doc..specia.doc
391  dskc:10_633.mmm.doc..specia.txt
392  dskc:10_633.mmm.doc..tape-m.ctl
393  dskc:10_633.mmm.doc..transp.txt
394  dskc:10_633.mmm.doc..specne.doc
395  dskc:10_633.mmm.doc..specne.txt
396  dskc:10_633.mmm.doc..tapmak.ctl
397  dskc:10_633.mmm.doc..traop.txt
398  dskc:10_633.mmm.doc..traclo.txt
399  dskc:10_633.mmm.vax..-read-.txt
400  dskc:10_633.mmm.vax..bsmtpf.mar
401  dskc:10_633.mmm.vax..build.com
402  dskc:10_633.mmm.vax..calls.mar
403  dskc:10_633.mmm.vax..domain.txt
404  dskc:10_633.mmm.vax..edtini.edt
405  dskc:10_633.mmm.vax..hosts.txt
406  dskc:10_633.mmm.vax..ins.com
407  dskc:10_633.mmm.vax..instal.txt
408  dskc:10_633.mmm.vax..mail.mar
409  dskc:10_633.mmm.vax..mail.mlb
410  dskc:10_633.mmm.vax..mail.mss
411  dskc:10_633.mmm.vax..read.thi
412  dskc:10_633.mmm.vax..mailsy.com
413  dskc:10_633.mmm.vax..maiser.mar
414  dskc:10_633.mmm.vax..maiser.com
415  dskc:10_633.mmm.vax..mm.cld
416  dskc:10_633.mmm.vax..mm.hlp
417  dskc:10_633.mmm.vax..mm.mar
418  dskc:10_633.mmm.vax..mm.opt
419  dskc:10_633.mmm.vax..parse.mar
420  dskc:10_633.mmm.vax..rmm.hlp
421  dskc:10_633.mmm.vax..small.com
422  dskc:10_633.mmm.vax..smm.hlp
423  dskc:10_633.mmm.vax..smtpfo.mar
424  dskc:10_633.mmm.vax..tekrpt.mak
425  dskc:10_633.mmm.vax..bsmtp.mar
426  dskc:10_633.mmm..armail.mac
427  dskc:10_633.mmm..blankt.mac
428  dskc:10_633.mmm..build-.ctl
429  dskc:10_633.mmm..cafard.mac
430  dskc:10_633.mmm..cafdtr.mac
431  dskc:10_633.mmm..cafpro.mac
432  dskc:10_633.mmm..domain.txt
433  dskc:10_633.mmm..fscopy.mac
434  dskc:10_633.mmm..gripe.mac
435  dskc:10_633.mmm..hstnam.mac
436  dskc:10_633.mmm..hsttst.mac
437  dskc:10_633.mmm..jobdat.mac
438  dskc:10_633.mmm..link.exe
439  dskc:10_633.mmm..macro.exe
440  dskc:10_633.mmm..macsym.mac
441  dskc:10_633.mmm..mailin.txt
442  dskc:10_633.mmm..mailst.mac
443  dskc:10_633.mmm..maiser.mac
444  dskc:10_633.mmm..mlist.c
445  dskc:10_633.mmm..mm.mac
446  dskc:10_633.mmm..mm-mai.ema
447  dskc:10_633.mmm..mmail.ema
448  dskc:10_633.mmm..mmailr.mac
449  dskc:10_633.mmm..mmhelp.mac
450  dskc:10_633.mmm..mmlbx.mac
451  dskc:10_633.mmm..mmstat.c
452  dskc:10_633.mmm..mmuuo.mac
453  dskc:10_633.mmm..monsym.mac
454  dskc:10_633.mmm..mstat.mac
455  dskc:10_633.mmm..qdmail.mac
456  dskc:10_633.mmm..relay.mac
457  dskc:10_633.mmm..reply.mac
458  dskc:10_633.mmm..send.mac
459  dskc:10_633.mmm..smtdcn.mac
460  dskc:10_633.mmm..smtjfn.mac
461  dskc:10_633.mmm..snddef.mac
462  dskc:10_633.mmm..sndmsg.mac
463  dskc:10_633.mmm..sndsrv.mac
464  dskc:10_633.mmm..sndsta.mac
465  dskc:10_633.mmm..vmail.mac
466  dskc:10_633.mmm..wakeup.mac
467  dskc:10_633.mmm..what.mac
468  dskc:10_633.utilit..11sim.mid
469  dskc:10_633.utilit..2col.sai
470  dskc:10_633.utilit..acj.mac
471  dskc:10_633.utilit..acj.rel
472  dskc:10_633.utilit..adddef.mac
473  dskc:10_633.utilit..amort.sai
474  dskc:10_633.utilit..ante.mac
475  dskc:10_633.utilit..armail.mac
476  dskc:10_633.utilit..atsign.mid
477  dskc:10_633.utilit..bbchng.mac
478  dskc:10_633.utilit..bboard.mac
479  dskc:10_633.utilit..bfrep.fai
480  dskc:10_633.utilit..boise.mac
481  dskc:10_633.utilit..bsplit.mac
482  dskc:10_633.utilit..cave.mac
483  dskc:10_633.utilit..charge.sai
484  dskc:10_633.utilit..chat.mac
485  dskc:10_633.utilit..chess2.mid
486  dskc:10_633.utilit..chkbbd.mac
487  dskc:10_633.utilit..clean.fai
488  dskc:10_633.utilit..clock.fai
489  dskc:10_633.utilit..cookie.fai
490  dskc:10_633.utilit..crakup.fai
491  dskc:10_633.utilit..crock.mid
492  dskc:10_633.utilit..cross.mac
493  dskc:10_633.utilit..crsref.mac
494  dskc:10_633.utilit..crypt.fai
495  dskc:10_633.utilit..cvt.mid
496  dskc:10_633.utilit..dacces.mac
497  dskc:10_633.utilit..dart.mac
498  dskc:10_633.utilit..date.mac
499  dskc:10_633.utilit..dcrock.mid
500  dskc:10_633.utilit..decbts.mid
501  dskc:10_633.utilit..decdfs.mid
502  dskc:10_633.utilit..dfind.fai
503  dskc:10_633.utilit..dial.mac
504  dskc:10_633.utilit..dired.sai
505  dskc:10_633.utilit..dmon.fai
506  dskc:10_633.utilit..dmsim.mid
507  dskc:10_633.utilit..doit.fai
508  dskc:10_633.utilit..dpy.fai
509  dskc:10_633.utilit..dpyhdr.fai
510  dskc:10_633.utilit..dpytst.fai
511  dskc:10_633.utilit..dskop.fai
512  dskc:10_633.utilit..dskuse.fai
513  dskc:10_633.utilit..edit.mac
514  dskc:10_633.utilit..encr.mac
515  dskc:10_633.utilit..endecr.mac
516  dskc:10_633.utilit..feddt.mac
517  dskc:10_633.utilit..filsiz.fai
518  dskc:10_633.utilit..filuse.fai
519  dskc:10_633.utilit..find.sai
520  dskc:10_633.utilit..fixalc.mid
521  dskc:10_633.utilit..fixver.mid
522  dskc:10_633.utilit..forflo.fai
523  dskc:10_633.utilit..formac.mac
524  dskc:10_633.utilit..forth.mid
525  dskc:10_633.utilit..fortun.mid
526  dskc:10_633.utilit..fraid.fai
527  dskc:10_633.utilit..frep.fai
528  dskc:10_633.utilit..fu.mac
529  dskc:10_633.utilit..groupe.pas
530  dskc:10_633.utilit..hash.mac
531  dskc:10_633.utilit..hclock.fai
532  dskc:10_633.utilit..help.mac
533  dskc:10_633.utilit..helpma.mac
534  dskc:10_633.utilit..heure.fai
535  dskc:10_633.utilit..hklock.fai
536  dskc:10_633.utilit..hookie.fai
537  dskc:10_633.utilit..iclock.fai
538  dskc:10_633.utilit..iddt.mac
539  dskc:10_633.utilit..idle-j.ini
540  dskc:10_633.utilit..idlkil.mac
541  dskc:10_633.utilit..idly.mac
542  dskc:10_633.utilit..iklock.fai
543  dskc:10_633.utilit..ispell.dct
544  dskc:10_633.utilit..ispell.mid
545  dskc:10_633.utilit..itsbts.mid
546  dskc:10_633.utilit..itsdfs.mid
547  dskc:10_633.utilit..jstrap.mac
548  dskc:10_633.utilit..jsys.fai
549  dskc:10_633.utilit..kalah.mac
550  dskc:10_633.utilit..kermit.mac
551  dskc:10_633.utilit..klock.fai
552  dskc:10_633.utilit..kookie.fai
553  dskc:10_633.utilit..l20sim.p11
554  dskc:10_633.utilit..macros.mid
555  dskc:10_633.utilit..macsym.fai
556  dskc:10_633.utilit..mapit.fai
557  dskc:10_633.utilit..mars.mac
558  dskc:10_633.utilit..merlin.mac
559  dskc:10_633.utilit..meter.mac
560  dskc:10_633.utilit..mhalt.mac
561  dskc:10_633.utilit..midas.mid
562  dskc:10_633.utilit..modem.mac
563  dskc:10_633.utilit..moon.mac
564  dskc:10_633.utilit..mstr.fai
565  dskc:10_633.utilit..netime.mac
566  dskc:10_633.utilit..nlnsrt.fai
567  dskc:10_633.utilit..opr.mac
568  dskc:10_633.utilit..pack.sai
569  dskc:10_633.utilit..pacman.dat
570  dskc:10_633.utilit..pacman.hlp
571  dskc:10_633.utilit..pacman.sim
572  dskc:10_633.utilit..palx.mid
573  dskc:10_633.utilit..pcsamp.mac
574  dskc:10_633.utilit..peruse.mac
575  dskc:10_633.utilit..pform.pas
576  dskc:10_633.utilit..photo.mac
577  dskc:10_633.utilit..pigs.mac
578  dskc:10_633.utilit..pjgsym.mac
579  dskc:10_633.utilit..podtyp.bcp
580  dskc:10_633.utilit..press.fai
581  dskc:10_633.utilit..ptycom.fai
582  dskc:10_633.utilit..purscr.mid
583  dskc:10_633.utilit..ra10.fai
584  dskc:10_633.utilit..ralph.mac
585  dskc:10_633.utilit..remind.mac
586  dskc:10_633.utilit..runner.fai
587  dskc:10_633.utilit..search.mac
588  dskc:10_633.utilit..setln.mac
589  dskc:10_633.utilit..spd.mac
590  dskc:10_633.utilit..srccom.mid
591  dskc:10_633.utilit..stenex.unv
592  dskc:10_633.utilit..stopr.mac
593  dskc:10_633.utilit..stsj1.mac
594  dskc:10_633.utilit..subdir.pas
595  dskc:10_633.utilit..sysjob.mac
596  dskc:10_633.utilit..sysmsg.mac
597  dskc:10_633.utilit..tapeio.fai
598  dskc:10_633.utilit..tapeio.old
599  dskc:10_633.utilit..tapela.fai
600  dskc:10_633.utilit..tapelo.fai
601  dskc:10_633.utilit..tar.mac
602  dskc:10_633.utilit..tddt.mac
603  dskc:10_633.utilit..teco.mid
604  dskc:10_633.utilit..telray.mac
605  dskc:10_633.utilit..tenex-.fai
606  dskc:10_633.utilit..ti.fai
607  dskc:10_633.utilit..timchd.mac
608  dskc:10_633.utilit..timchk.mac
609  dskc:10_633.utilit..timchk.ser
610  dskc:10_633.utilit..timer.fai
611  dskc:10_633.utilit..times.mid
612  dskc:10_633.utilit..tn.fai
613  dskc:10_633.utilit..tnxdfs.mid
614  dskc:10_633.utilit..tookie.fai
615  dskc:10_633.utilit..toscip.fai
616  dskc:10_633.utilit..trafic.mac
617  dskc:10_633.utilit..tsrtns.mid
618  dskc:10_633.utilit..tvfix.fai
619  dskc:10_633.utilit..typbin.mac
620  dskc:10_633.utilit..typrel.mac
621  dskc:10_633.utilit..uphost.mac
622  dskc:10_633.utilit..usgcls.mid
623  dskc:10_633.utilit..vttrek.doc
624  dskc:10_633.utilit..vttrek.hlp
625  dskc:10_633.utilit..vttrek.mac
626  dskc:10_633.utilit..wholin.mid
627  dskc:10_633.utilit..wind.mac
628  dskc:10_633.utilit..wlno.fai
629  dskc:10_633.utilit..wumpus.mid
630  dskc:10_633.utilit..xjsys.mid
631  dskc:10_633.utilit..xlate.sai
632  dskc:10_633.utilit..xsearc.sai
633  dskc:10_633..nik.ctl
634  dskc:10_633..a.fil
635  dskc:10_633..b.fil
636  dskc:10_633..switch.ini
637  dskc:10_633..psthru.exe
638  dskc:10_633..nrt.exe
639  dskc:101_174..test2.bas
640  dskc:101_174..test4.bas
641  dskc:101_174..tzt.bas
642  dskc:101_174..x1.bas
643  dskc:101_174..x2.bas
644  dskc:101_174..x3.bas
645  dskc:101_174..x4.bas
646  dskc:101_174..x5.bas
647  dskc:101_174..x6.bas
648  dskc:101_174..filer.bas
649  dskc:101_174..rekurs.bas
650  dskc:101_174..cursor.bas
651  dskc:101_174..cursed.bas
652  dskc:101_174..sostxt.log
653  dskc:101_174..t12b.rap
654  dskc:101_174..soshel.txt
655  dskc:101_174..prov.bas
656  dskc:101_174..newcrs.bas
657  dskc:101_174..skarm.bas
658  dskc:101_174..ncrs2.bas
659  dskc:101_174..ncrs3.bas
660  dskc:101_174..ncrs4.bas
661  dskc:101_174..newcur.bas
662  dskc:101_174..newcu2.bas
663  dskc:101_174..crstst.bas
664  dskc:101_174..flygar.bas
665  dskc:101_174..trasig.txt
666  dskc:101_174..newrap.sim
667  dskc:101_174..inthlv.sim
668  dskc:101_174..basnwr.bas
669  dskc:101_174..skilje.bas
670  dskc:101_174..a35.bas
671  dskc:101_174..a32.bas
672  dskc:101_174..a37.bas
673  dskc:101_174..a38.bas
674  dskc:101_174..bubbel.bas
675  dskc:101_174..a39.bas
676  dskc:101_174..qq.tst
677  dskc:101_174..apa.ut
678  dskc:101_174..test.ut
679  dskc:101_174..utfil.ut1
680  dskc:101_174..utfil.ut2
681  dskc:101_174..utfil.pas
682  dskc:101_174..write.pas
683  dskc:101_174..read.in
684  dskc:101_174..read.ut
685  dskc:101_174..eol.pas
686  dskc:101_174..fikon1.pas
687  dskc:101_174..fikon.in
688  dskc:101_174..read.pas
689  dskc:101_174..r.pas
690  dskc:101_174..lista.grp
691  dskc:101_174..fikon.pas
692  dskc:101_174..test.pas
693  dskc:101_174..rovar2.pas
694  dskc:101_174..test.rad
695  dskc:101_174..b2.pas
696  dskc:101_174..b1.pas
697  dskc:101_174..rovar1.pas
698  dskc:101_174..list1.pas
699  dskc:101_174..mall.pas
700  dskc:101_174..regfil.reg
701  dskc:101_174..input.pas
702  dskc:101_174..regorg.pas
703  dskc:101_174..regny.pas
704  dskc:101_174..reglib.pas
705  dskc:101_174..list.lib
706  dskc:101_174..chtest.pas
707  dskc:101_174..kap6.pas
708  dskc:101_174..kap6.ut
709  dskc:101_174..di.dat
710  dskc:101_174..di.pas
711  dskc:101_174..di2.pas
712  dskc:101_174..slump.pas
713  dskc:101_174..tips.dat
714  dskc:101_174..random.pas
715  dskc:101_174..curs.pas
716  dskc:101_174..curs88.pas
717  dskc:101_174..sets.bak
718  dskc:101_174..sets.pas
719  dskc:101_174..barbak.pas
720  dskc:101_174..operat.bak
721  dskc:101_174..operat.pas
722  dskc:101_174..barp.bak
723  dskc:101_174..barp.pas
724  dskc:101_174..barv.bak
725  dskc:101_174..barv.pas
726  dskc:101_174..filex.ind
727  dskc:101_174..test.in
728  dskc:101_174..f.ut
729  dskc:101_174..filex.ut
730  dskc:101_174..filex.pas
731  dskc:101_174..fib.pas
732  dskc:101_174..regm12.15
733  dskc:101_174..regm12.20
734  dskc:101_174..regm12.23
735  dskc:101_174..regm12.311
736  dskc:101_174..regm12.312
737  dskc:101_174..regm01.07
738  dskc:101_174..p.err
739  dskc:101_174..p2.pas
740  dskc:101_174..p3.err
741  dskc:101_174..p.pas
742  dskc:101_174..p4.pas
743  dskc:101_174..p5.pas
744  dskc:101_174..p6.pas
745  dskc:101_174..p5.ut
746  dskc:101_174..pp71.dat
747  dskc:101_174..pp7.pas
748  dskc:101_174..pp72.dat
749  dskc:101_174..pp73.dat
750  dskc:101_174..p7.fct
751  dskc:101_174..pp74.dat
752  dskc:101_174..z1.dat
753  dskc:101_174..z2.dat
754  dskc:101_174..z3.dat
755  dskc:101_174..z4.dat
756  dskc:101_174..p7.pas
757  dskc:101_174..z5.dat
758  dskc:101_174..z6.dat
759  dskc:101_174..z8.dat
760  dskc:101_174..pqp7.dat
761  dskc:101_174..p3.pas
762  dskc:101_174..t.pas
763  dskc:101_174..regman.pas
764  dskc:101_174..p5x.pas
765  dskc:101_174..p5x.ut
766  dskc:101_174..hlpcop.log
767  dskc:101_174..regm03.08
768  dskc:101_174..p5ut.ut
769  dskc:101_174..a5.pas
770  dskc:101_174..a5ut.ut
771  dskc:101_174..t18905.12l
772  dskc:101_174..q3.err
773  dskc:101_174..q3.bak
774  dskc:101_174..q5.bak
775  dskc:101_174..q5.pas
776  dskc:101_174..q4.bak
777  dskc:101_174..q4.pas
778  dskc:101_174..indata.dat
779  dskc:101_174..q35.bak
780  dskc:101_174..q35.pas
781  dskc:101_174..q2.bak
782  dskc:101_174..q2.pas
783  dskc:101_174..q3.pas
784  dskc:101_174..qx6.bak
785  dskc:101_174..qx62.ut
786  dskc:101_174..qx6.pas
787  dskc:101_174..qx6c.ut
788  dskc:101_174..allven.log
789  dskc:10_302..pcode.asm
790  dskc:10_302..space.txt
791  dskc:10_302..space.srt
792  dskc:10_302..venus.ppn
793  dskc:10_302..netpth.exe
794  dskc:10_302..test.for
795  dskc:10_302..test.dat
796  dskc:10_302..test.rel
797  dskc:10_302.,test..test.for
798  dskc:10_302.,test..test.dat
799  dskc:10_302.test..test.for
800  dskc:10_302.test..test.dat
801  dskc:10_302..amis.mac
802  dskc:10_302..amis.exe
803  dskc:10_302..ttytst.pas
804  dskc:10_302..ttytst.rel
805  dskc:10_302..ttytst.txt
806  dskc:10_302..tty4in.rel
807  dskc:10_302..tty4in.exe
808  dskc:10_302..tty4in.bak
809  dskc:10_302..tty4in.mac
810  dskc:10_302..acct.lst
811  dskc:10_302..venus.bak
812  dskc:10_302..venus.txt
813  dskc:10_302..test.bak
814  dskc:10_302..test.sim
815  dskc:10_302..fact.pas
816  dskc:10_302..fact.rel
817  dskc:3_5..ftq982.mai
818  dskc:3_5..ftq686.mai
819  dskc:3_5..ftq533.mai
820  dskc:3_5..ftq500.mai
821  dskc:3_5..ftq103.mai
822  dskc:601_6611..sjbrom.
823  dskc:101_200..tt.for
824  dskc:101_200..for12.dat
825  dskc:101_200..login.cmd
826  dskc:101_200..int.d1
827  dskc:101_200..inter.rel
828  dskc:101_200..inter.for
829  dskc:101_200..mek2.rel
830  dskc:101_200..mek3.rel
831  dskc:101_200..mek5.rel
832  dskc:101_200..mek5b.rel
833  dskc:101_141..oll.d1
834  dskc:101_141..avikt.d1
835  dskc:101_141..int.d1
836  dskc:101_141..mek.for
837  dskc:101_141..ekv.for
838  dskc:101_141..tes.for
839  dskc:110_736..rt.cbl
840  dskc:601_6620..texten.abc
841  dskc:5_14..simnon.doc
842  dskc:5_14..mlab.doc
843  dskc:5_14..mlab.man
844  dskc:5_14..scribe.doc
845  dskc:5_14..scribe.exp
846  dskc:5_14..scribe.ref
847  dskc:5_14..amis.new
848  dskc:5_14..fortra.doc
849  dskc:5_14..fortra.bwr
850  dskc:5_14..sim435.new
851  dskc:5_14..simula.doc
852  dskc:5_14..sim6.doc
853  dskc:5_14..sim6.dok
854  dskc:5_14..sim6a.doc
855  dskc:101_122..for01.dat
856  dskc:101_122..plot.dat
857  dskc:101_122..rymd.dat
858  dskc:101_122..koer.dat
859  dskc:101_122..lorewn.
860  dskc:101_122..loren.dat
861  dskc:101_122..pend.dat
862  dskc:101_122..pers.rel
863  dskc:101_122..pers.bak
864  dskc:101_122..pers1.pas
865  dskc:101_122..pers2.rel
866  dskc:101_122..pers2.bak
867  dskc:101_122..pers2.pas
868  dskc:110_743..switch.grf
869  dskc:110_743..pth.ccl
870  dskc:110_743.bin..prompt.mac
871  dskc:110_743.bin..prompt.exe
872  dskc:110_743.bin..zoo.exe
873  dskc:110_743..cancel.txt
874  dskc:110_743..lptspl.hlp
875  dskc:110_743..switch.ini
876  dskc:110_743..dcl.ccl
877  dskc:110_743..mici.mic
878  dskc:110_743..prompt.mac
879  dskc:110_743..listor.pas
880  dskc:110_743..ptycon.log
881  dskc:110_743..flyg.pas
882  dskc:110_743..olle.tst
883  dskc:110_745..hand.ps
884  dskc:110_745..foo.sim
885  dskc:110_745..n0lle.pas
886  dskc:110_745..prompt.mac
887  dskc:53_1226..simnon.inf
888  dskc:53_1226..l3947.
889  dskc:53_1226..logg.v3e
890  dskc:10_4111..psthru.exe
891  dskc:10_4111..sova.mic
892  dskc:10_4111..genera.pas
893  dskc:10_4111.sec..vir.ref
894  dskc:10_4111.sec..seclex.off
895  dskc:10_4111.sec..trace.txt
896  dskc:10_4111.sec..intro.txt
897  dskc:10_4111.sec..ordlis.eng
898  dskc:10_4111.sec..ordnin.kap
899  dskc:10_4111.sec..beh.txt
900  dskc:10_4111.sec..dkval.txt
901  dskc:10_4111.sec..kry.txt
902  dskc:10_4111.sec..vir.txt
903  dskc:10_4111.sec..di.txt
904  dskc:10_4111.sec..inn.inn
905  dskc:10_4111.sec..funk.txt
906  dskc:10_4111.sec..funk.inn
907  dskc:10_4111.sec..beh.inn
908  dskc:10_4111.sec..dkval.inn
909  dskc:10_4111.sec..kry.inn
910  dskc:10_4111.sec..vir.inn
911  dskc:10_4111.sec..di.inn
912  dskc:10_4111.sec..ordlis.exp
913  dskc:10_4111.sec..ordlis.swe
914  dskc:10_4111.sec..ordlis.inn
915  dskc:10_4111.sec..ordlis.txt
916  dskc:10_4111.sec..sec.inn
917  dskc:10_4111.sec..x.bak
918  dskc:10_4111.sec..x.log
919  dskc:10_4111.sec..x.ctl
920  dskc:110_746..test.
921  dskc:110_746..test2.
922  dskc:110_747..tabell.txt
923  dskc:110_747..tabell.abc
924  dskc:110_747..tabell.def
925  dskc:110_747..aporna.txt
926  dskc:110_747..lab21.pas
927  dskc:110_747..morse.d
928  dskc:110_747..morse.pas
929  dskc:110_747..switch.ini
930  dskc:110_747..kalkyl.pps
931  dskc:110_747..kalkyl.pas
932  dskc:110_747..test.rel
933  dskc:110_747..rndtes.pas
934  dskc:110_747..rndint.rel
935  dskc:110_747..test.bak
936  dskc:110_747..test.pas
937  dskc:110_747..ptycon.out
938  dskc:110_747..ptycon.log
939  dskc:101_130..kvad.pas
940  dskc:101_130..kvad2.pas
941  dskc:101_130..matris.pas
942  dskc:101_130..femrot.pas
943  dskc:101_130..dirit.pas
944  dskc:101_130..sekant.pas
945  dskc:101_130..nerap.pas
946  dskc:101_130..inthlv.pas
947  dskc:101_130..fgraf.pas
948  dskc:101_130..matpro.pas
949  dskc:101_130..matpr2.pas
950  dskc:101_130..t2ite1.pas
951  dskc:101_130..t2ite2.pas
952  dskc:101_130..t2ite4.pas
953  dskc:101_130..t2ite3.pas
954  dskc:101_130..t2nr.pas
955  dskc:101_130..t2trap.pas
956  dskc:101_130..ex1.pas
957  dskc:506_752..switch.ini
958  dskc:601_6616..1.
959  dskc:601_6616..tty.
960  dskc:601_6616..printe.
961  dskc:110_672..flag.mic
962  dskc:110_672..el.mic
963  dskc:110_672..vc.mic
964  dskc:110_672..v.mic
965  dskc:110_672..gax.exe
966  dskc:110_672..switch.ini
967  dskc:110_672..d.mic
968  dskc:110_672..typein.exe
969  dskc:110_672..p.ccl
970  dskc:110_672..hink.pas
971  dskc:110_672..dcl.ccl
972  dskc:110_753..test.rel
973  dskc:110_753..test.pas
974  dskc:110_753..hej.txt
975  dskc:110_753..kalle.txt
976  dskc:601_6614..lars.bak
977  dskc:601_6614..lars.
978  dskc:110_757..prov.txt
979  dskc:506_761..lista1.txt
980  dskc:506_761..lista2.txt
981  dskc:506_761..lista3.txt
982  dskc:506_761..lista4.txt
983  dskc:506_761..lista5.txt
984  dskc:506_761..lista6.txt
985  dskc:110_765..term22.pas
986  dskc:110_765..term21.pas
987  dskc:110_765..term23.pas
988  dskc:110_765..term24.pas
989  dskc:110_765..term30.pas
990  dskc:110_765..ter.pas
991  dskc:227_300..switch.ini
992  dskc:227_300..switch.sav
993  dskc:227_300..227.msg
994  dskc:227_300..rksteg.pas
995  dskc:227_300..sekant.pas
996  dskc:227_300..global.inc
997  dskc:10_335..switch.ini
998  dskc:10_335..nml.exe
999  dskc:10_335..path.ini
1000  dskc:10_335..vttrek.doc
1001  dskc:10_335..vttrek.hlp
1002  dskc:10_335..vttrek.rel
1003  dskc:10_335..vttrek.mac
1004  dskc:10_335..trek.exe
